13:55:20 [DEBUG] 00 - analyzing dir: e:\tmp\MP3\01
13:55:20 [DEBUG] 00 - analyzing dir: e:\tmp\MP3\01\883
13:55:20 [DEBUG] 00 - analyzing dir: e:\tmp\MP3\01\Abba
13:55:20 [DEBUG] 00 - analyzing dir: e:\tmp\MP3\01\Al Stewart
13:55:20 [DEBUG] 00 - analyzing dir: e:\tmp\MP3\01\Alice
13:55:20 [DEBUG] 00 - analyzing dir: e:\tmp\MP3\01\America
13:55:20 [DEBUG] 00 - analyzing dir: e:\tmp\MP3\01\Antonacci Biagio
13:55:20 [DEBUG] 00 - analyzing dir: e:\tmp\MP3\01\Arisa
13:55:20 [DEBUG] 00 - analyzing dir: e:\tmp\MP3\01\Baglioni Claudio
13:55:20 [DEBUG] 00 - analyzing dir: e:\tmp\MP3\01\Balsamo Umberto
13:55:20 [DEBUG] 00 - analyzing dir: e:\tmp\MP3\01\Barbarossa Luca
13:55:20 [DEBUG] 00 - analyzing dir: e:\tmp\MP3\01\Barbra Streisand
13:55:20 [DEBUG] 00 - analyzing dir: e:\tmp\MP3\01\Barry White
13:55:20 [DEBUG] 00 - analyzing dir: e:\tmp\MP3\01\Battiato Franco
13:55:20 [DEBUG] 00 - analyzing dir: e:\tmp\MP3\01\Battisti Lucio
13:55:20 [DEBUG] 00 - analyzing dir: e:\tmp\MP3\01\Beautiful World
13:55:20 [DEBUG] 00 - analyzing dir: e:\tmp\MP3\01\Bee Gees
13:55:20 [DEBUG] 00 - analyzing dir: e:\tmp\MP3\01\Bella Marcella
13:55:20 [DEBUG] 00 - analyzing dir: e:\tmp\MP3\01\Bennato Edoardo
13:55:20 [DEBUG] 00 - analyzing dir: e:\tmp\MP3\01\Bertoli Pierangelo
13:55:20 [DEBUG] 00 - analyzing dir: e:\tmp\MP3\01\Berté Loredana
13:55:20 [DEBUG] 00 - analyzing dir: e:\tmp\MP3\01\Bob Dylan
13:55:20 [DEBUG] 00 - analyzing dir: e:\tmp\MP3\01\Bob Mcferrin
13:55:20 [DEBUG] 00 - analyzing dir: e:\tmp\MP3\01\Bocelli Andrea
13:55:20 [DEBUG] 00 - analyzing dir: e:\tmp\MP3\01\Branduardi Angelo
13:55:20 [DEBUG] 00 - analyzing dir: e:\tmp\MP3\01\Britti Alex
13:55:20 [DEBUG] 00 - analyzing dir: e:\tmp\MP3\01\Bruce Springsteen
13:55:20 [DEBUG] 00 - analyzing dir: e:\tmp\MP3\01\Bubola Massimo
13:55:20 [DEBUG] 00 - analyzing dir: e:\tmp\MP3\01\BuenaVista
13:55:20 [DEBUG] 00 - analyzing dir: e:\tmp\MP3\01\Carboni Luca
13:55:20 [DEBUG] 00 - analyzing dir: e:\tmp\MP3\01\Carlos Fanelli & CO
13:55:20 [DEBUG] 00 - analyzing dir: e:\tmp\MP3\01\Cat Stevens
13:55:20 [DEBUG] 00 - analyzing dir: e:\tmp\MP3\01\Celentano Adriano
13:55:20 [DEBUG] 00 - analyzing dir: e:\tmp\MP3\01\Celine Dion
13:55:20 [DEBUG] 00 - analyzing dir: e:\tmp\MP3\01\Christopher Cross
13:55:20 [DEBUG] 00 - analyzing dir: e:\tmp\MP3\01\Cocciante Riccardo
13:55:20 [DEBUG] 00 - analyzing dir: e:\tmp\MP3\01\Concato Fabio
13:55:20 [DEBUG] 00 - analyzing dir: e:\tmp\MP3\01\Country
13:55:20 [DEBUG] 00 - analyzing dir: e:\tmp\MP3\01\Cristicchi Simone
13:55:20 [DEBUG] 00 - analyzing dir: e:\tmp\MP3\01\Cugini Di Campagna
13:55:20 [DEBUG] 00 - analyzing dir: e:\tmp\MP3\01\Dalla Lucio
13:55:20 [DEBUG] 00 - analyzing dir: e:\tmp\MP3\01\David Bowie
13:55:20 [DEBUG] 00 - analyzing dir: e:\tmp\MP3\01\De André Fabrizio
13:55:20 [DEBUG] 00 - analyzing dir: e:\tmp\MP3\01\De Gregori Francesco
13:55:20 [DEBUG] 00 - analyzing dir: e:\tmp\MP3\01\De Sio Teresa
13:55:20 [DEBUG] 00 - analyzing dir: e:\tmp\MP3\01\Deb Talan
13:55:20 [DEBUG] 00 - analyzing dir: e:\tmp\MP3\01\Di Bari Nicola
13:55:20 [DEBUG] 00 - analyzing dir: e:\tmp\MP3\01\Dido
13:55:20 [DEBUG] 00 - analyzing dir: e:\tmp\MP3\01\Dire Straits
13:55:20 [DEBUG] 00 - analyzing dir: e:\tmp\MP3\01\Eagles
13:55:20 [DEBUG] 00 - analyzing dir: e:\tmp\MP3\01\Elena
13:55:20 [DEBUG] 00 - analyzing dir: e:\tmp\MP3\01\Elisa
13:55:20 [DEBUG] 00 - analyzing dir: e:\tmp\MP3\01\Enya
13:55:20 [DEBUG] 00 - analyzing dir: e:\tmp\MP3\01\Eric Clapton
13:55:20 [DEBUG] 00 - analyzing dir: e:\tmp\MP3\01\Ferradini Marco
13:55:20 [DEBUG] 00 - analyzing dir: e:\tmp\MP3\01\Finardi Eugenio
13:55:20 [DEBUG] 00 - analyzing dir: e:\tmp\MP3\01\Fiorello
13:55:20 [DEBUG] 00 - analyzing dir: e:\tmp\MP3\01\Fogli Riccardo
13:55:20 [DEBUG] 00 - analyzing dir: e:\tmp\MP3\01\Fossati Ivano
13:55:20 [DEBUG] 00 - analyzing dir: e:\tmp\MP3\01\Gaetano Rino
13:55:20 [DEBUG] 00 - analyzing dir: e:\tmp\MP3\01\Gazebo
13:55:20 [DEBUG] 00 - analyzing dir: e:\tmp\MP3\01\Gazzé Max
13:55:20 [DEBUG] 00 - analyzing dir: e:\tmp\MP3\01\Giacobbe Sandro
13:55:20 [DEBUG] 00 - analyzing dir: e:\tmp\MP3\01\Graziani Ivan
13:55:20 [DEBUG] 00 - analyzing dir: e:\tmp\MP3\01\Guccini Francesco
13:55:20 [DEBUG] 00 - analyzing dir: e:\tmp\MP3\01\Hisham
13:55:20 [DEBUG] 00 - analyzing dir: e:\tmp\MP3\01\I favolosi anni 60
13:55:20 [DEBUG] 00 - analyzing dir: e:\tmp\MP3\01\I Nuovi Angeli
13:55:20 [DEBUG] 00 - analyzing dir: e:\tmp\MP3\01\Iannacci Enzo
13:55:20 [DEBUG] 00 - analyzing dir: e:\tmp\MP3\01\Inti Illimani
13:55:20 [DEBUG] 00 - analyzing dir: e:\tmp\MP3\01\Italia del Rock
13:55:20 [DEBUG] 00 - analyzing dir: e:\tmp\MP3\01\Je t'aime
13:55:20 [DEBUG] 00 - analyzing dir: e:\tmp\MP3\01\John Denver
13:55:20 [DEBUG] 00 - analyzing dir: e:\tmp\MP3\01\John Lennon
13:55:20 [DEBUG] 00 - analyzing dir: e:\tmp\MP3\01\Joni Mitchell
13:55:20 [DEBUG] 00 - analyzing dir: e:\tmp\MP3\01\Joshua Radin
13:55:20 [DEBUG] 00 - analyzing dir: e:\tmp\MP3\01\Jovanotti Lorenzo
13:55:20 [DEBUG] 00 - analyzing dir: e:\tmp\MP3\01\Julio Iglesias
13:55:20 [DEBUG] 00 - analyzing dir: e:\tmp\MP3\01\Karadaglic Milos
13:55:20 [DEBUG] 00 - analyzing dir: e:\tmp\MP3\01\Kate Bush
13:55:20 [DEBUG] 00 - analyzing dir: e:\tmp\MP3\01\Kuzminac Goran
13:55:20 [DEBUG] 00 - analyzing dir: e:\tmp\MP3\01\Le Orme
13:55:20 [DEBUG] 00 - analyzing dir: e:\tmp\MP3\01\Leonard Cohen
13:55:20 [DEBUG] 00 - analyzing dir: e:\tmp\MP3\01\Ligabue
13:55:20 [DEBUG] 00 - analyzing dir: e:\tmp\MP3\01\Locasciulli Mimmo
13:55:20 [DEBUG] 00 - analyzing dir: e:\tmp\MP3\01\Loreena McKennitt
13:55:20 [DEBUG] 00 - analyzing dir: e:\tmp\MP3\01\Loreto & Michela
13:55:20 [DEBUG] 00 - analyzing dir: e:\tmp\MP3\01\Lucy Schwartz
13:55:20 [DEBUG] 00 - analyzing dir: e:\tmp\MP3\01\Luna POP
13:55:20 [DEBUG] 00 - analyzing dir: e:\tmp\MP3\01\Mango
13:55:20 [DEBUG] 00 - analyzing dir: e:\tmp\MP3\01\Mannoia Fiorella
13:55:20 [DEBUG] 00 - analyzing dir: e:\tmp\MP3\01\Mark Knopfler
13:55:20 [DEBUG] 00 - analyzing dir: e:\tmp\MP3\01\Martini Mia
13:55:20 [DEBUG] 00 - analyzing dir: e:\tmp\MP3\01\Masini Marco
13:55:20 [DEBUG] 00 - analyzing dir: e:\tmp\MP3\01\Mike Oldfield
13:55:20 [DEBUG] 00 - analyzing dir: e:\tmp\MP3\01\Millennium Italia
13:55:20 [DEBUG] 00 - analyzing dir: e:\tmp\MP3\01\Minghi Amedeo
13:55:20 [DEBUG] 00 - analyzing dir: e:\tmp\MP3\01\Miranda Lee Richards
13:55:20 [DEBUG] 00 - analyzing dir: e:\tmp\MP3\01\Moby
13:55:20 [DEBUG] 00 - analyzing dir: e:\tmp\MP3\01\Morcheeba
13:55:20 [DEBUG] 00 - analyzing dir: e:\tmp\MP3\01\Moro Fabrizio
13:55:20 [DEBUG] 00 - analyzing dir: e:\tmp\MP3\01\Morricone Ennio
13:55:20 [DEBUG] 00 - analyzing dir: e:\tmp\MP3\01\Music from the ANDEs
13:55:20 [DEBUG] 00 - analyzing dir: e:\tmp\MP3\01\Nannini Gianna
13:55:20 [DEBUG] 00 - analyzing dir: e:\tmp\MP3\01\Neil Young
13:55:20 [DEBUG] 00 - analyzing dir: e:\tmp\MP3\01\Neri per caso
13:55:20 [DEBUG] 00 - analyzing dir: e:\tmp\MP3\01\New Age
13:55:20 [DEBUG] 00 - analyzing dir: e:\tmp\MP3\01\Nomadi
13:55:20 [DEBUG] 00 - analyzing dir: e:\tmp\MP3\01\Norah Jones
13:55:20 [DEBUG] 00 - analyzing dir: e:\tmp\MP3\01\Oxa Anna
13:55:20 [DEBUG] 00 - analyzing dir: e:\tmp\MP3\01\Paoli Gino
13:55:20 [DEBUG] 00 - analyzing dir: e:\tmp\MP3\01\Papetti Fausto
13:55:20 [DEBUG] 00 - analyzing dir: e:\tmp\MP3\01\Pappalardo Adriano
13:55:20 [DEBUG] 00 - analyzing dir: e:\tmp\MP3\01\Pausini Laura
13:55:20 [DEBUG] 00 - analyzing dir: e:\tmp\MP3\01\Pentatonix
13:55:20 [DEBUG] 00 - analyzing dir: e:\tmp\MP3\01\Piano Love songs
13:55:20 [DEBUG] 00 - analyzing dir: e:\tmp\MP3\01\Police
13:55:20 [DEBUG] 00 - analyzing dir: e:\tmp\MP3\01\Pooh
13:55:20 [DEBUG] 00 - analyzing dir: e:\tmp\MP3\01\Povia Giuseppe
13:55:20 [DEBUG] 00 - analyzing dir: e:\tmp\MP3\01\Pravo Patty
13:55:20 [DEBUG] 00 - analyzing dir: e:\tmp\MP3\01\Raf
13:55:20 [DEBUG] 00 - analyzing dir: e:\tmp\MP3\01\Richard Sanderson
13:55:20 [DEBUG] 00 - analyzing dir: e:\tmp\MP3\01\Righeira
13:55:20 [DEBUG] 00 - analyzing dir: e:\tmp\MP3\01\Ritchie Valens
13:55:20 [DEBUG] 00 - analyzing dir: e:\tmp\MP3\01\Rolling Stones
13:55:20 [DEBUG] 00 - analyzing dir: e:\tmp\MP3\01\Ron
13:55:20 [DEBUG] 00 - analyzing dir: e:\tmp\MP3\01\Rossi Luciano
13:55:20 [DEBUG] 00 - analyzing dir: e:\tmp\MP3\01\Rossi Vasco
13:55:20 [DEBUG] 00 - analyzing dir: e:\tmp\MP3\01\Rosso Stefano
13:55:20 [DEBUG] 00 - analyzing dir: e:\tmp\MP3\01\Ruggeri Enrico
13:55:20 [DEBUG] 00 - analyzing dir: e:\tmp\MP3\01\Sanremo
13:55:20 [DEBUG] 00 - analyzing dir: e:\tmp\MP3\01\Santana
13:55:20 [DEBUG] 00 - analyzing dir: e:\tmp\MP3\01\Santo & Johnny
13:55:20 [DEBUG] 00 - analyzing dir: e:\tmp\MP3\01\Santo e Johnny
13:55:20 [DEBUG] 00 - analyzing dir: e:\tmp\MP3\01\Schola Cantorum
13:55:20 [DEBUG] 00 - analyzing dir: e:\tmp\MP3\01\Shadows
13:55:20 [DEBUG] 00 - analyzing dir: e:\tmp\MP3\01\Simon and Garfunkel
13:55:20 [DEBUG] 00 - analyzing dir: e:\tmp\MP3\01\Simply Red
13:55:20 [DEBUG] 00 - analyzing dir: e:\tmp\MP3\01\Sinead O'Connor
13:55:20 [DEBUG] 00 - analyzing dir: e:\tmp\MP3\01\Sorrenti Alan
13:55:20 [DEBUG] 00 - analyzing dir: e:\tmp\MP3\01\Spice Girls
13:55:20 [DEBUG] 00 - analyzing dir: e:\tmp\MP3\01\Steve Tannen
13:55:20 [DEBUG] 00 - analyzing dir: e:\tmp\MP3\01\Stevie Wonder
13:55:20 [DEBUG] 00 - analyzing dir: e:\tmp\MP3\01\Sting
13:55:20 [DEBUG] 00 - analyzing dir: e:\tmp\MP3\01\SunDevil
13:55:20 [DEBUG] 00 - analyzing dir: e:\tmp\MP3\01\The Corrs
13:55:20 [DEBUG] 00 - analyzing dir: e:\tmp\MP3\01\The Cranberries
13:55:20 [DEBUG] 00 - analyzing dir: e:\tmp\MP3\01\The Fray
13:55:20 [DEBUG] 00 - analyzing dir: e:\tmp\MP3\01\The Nothing HillBillies
13:55:20 [DEBUG] 00 - analyzing dir: e:\tmp\MP3\01\The Weepies
13:55:20 [DEBUG] 00 - analyzing dir: e:\tmp\MP3\01\Tiromancino
13:55:20 [DEBUG] 00 - analyzing dir: e:\tmp\MP3\01\Togni Gianni
13:55:20 [DEBUG] 00 - analyzing dir: e:\tmp\MP3\01\Toquinho
13:55:20 [DEBUG] 00 - analyzing dir: e:\tmp\MP3\01\Tozzi Umberto
13:55:20 [DEBUG] 00 - analyzing dir: e:\tmp\MP3\01\Turci Paola
13:55:20 [DEBUG] 00 - analyzing dir: e:\tmp\MP3\01\Unknown
13:55:20 [DEBUG] 00 - analyzing dir: e:\tmp\MP3\01\Vangelis
13:55:20 [DEBUG] 00 - analyzing dir: e:\tmp\MP3\01\Vanoni Ornella
13:55:20 [DEBUG] 00 - analyzing dir: e:\tmp\MP3\01\Vecchioni Roberto
13:55:20 [DEBUG] 00 - analyzing dir: e:\tmp\MP3\01\Venditti Antonello
13:55:20 [DEBUG] 00 - analyzing dir: e:\tmp\MP3\01\Wess & Dori Ghezzi
13:55:20 [DEBUG] 00 - analyzing dir: e:\tmp\MP3\01\Zanicchi Iva
13:55:20 [DEBUG] 00 - analyzing dir: e:\tmp\MP3\01\Zarrillo Michele
13:55:20 [DEBUG] 00 - analyzing dir: e:\tmp\MP3\01\Zero Assoluto
13:55:20 [DEBUG] 00 - analyzing dir: e:\tmp\MP3\01\Zucchero Fornaciari
13:55:20 [INFO ] 
13:55:20 [INFO ] analyzing song: e:\tmp\MP3\01\883\Andrà tutto bene.mp3
13:55:20 [INFO ] originaldate        : ['1998']
13:55:20 [INFO ] musicbrainz_albumid : ['a2683e2a-3335-4c93-9d78-5af33202a81e']
13:55:20 [INFO ] musicbrainz_trackid : ['bc4df3ef-dcfd-4d2d-8acc-eb1e7d60e3a9']
13:55:20 [INFO ] musicbrainz_albumartistid: ['618170ad-4957-4b7b-a3b0-489917be18d3']
13:55:20 [INFO ] artist              : ['883']
13:55:20 [INFO ] discnumber          : ['1/1']
13:55:20 [INFO ] musicbrainz_albumtype: ['album']
13:55:20 [INFO ] albumartist         : ['883']
13:55:20 [INFO ] album               : ['La dura legge del GOL!']
13:55:20 [INFO ] releasecountry      : ['IT']
13:55:20 [INFO ] language            : ['ita']
13:55:20 [INFO ] date                : ['1998']
13:55:20 [INFO ] artistsort          : ['883']
13:55:20 [INFO ] title               : ['Andrà tutto bene']
13:55:20 [INFO ] musicbrainz_artistid: ['618170ad-4957-4b7b-a3b0-489917be18d3']
13:55:20 [INFO ] tracknumber         : ['8/10']
13:55:20 [INFO ] musicbrainz_albumstatus: ['official']
13:55:21 [INFO ] replacing album with titolo
13:55:21 [INFO ] run in DRY-RUN mode...
13:55:21 [INFO ] 
13:55:21 [INFO ] analyzing song: e:\tmp\MP3\01\883\La dura legge del gol.mp3
13:55:21 [INFO ] originaldate        : ['1998']
13:55:21 [INFO ] musicbrainz_albumid : ['a2683e2a-3335-4c93-9d78-5af33202a81e']
13:55:21 [INFO ] musicbrainz_trackid : ['b211df00-c22a-4829-bcf1-c4d611fbe86a']
13:55:21 [INFO ] musicbrainz_albumartistid: ['618170ad-4957-4b7b-a3b0-489917be18d3']
13:55:21 [INFO ] artist              : ['883']
13:55:21 [INFO ] discnumber          : ['1/1']
13:55:21 [INFO ] musicbrainz_albumtype: ['album']
13:55:21 [INFO ] albumartist         : ['883']
13:55:21 [INFO ] album               : ['La dura legge del GOL!']
13:55:21 [INFO ] releasecountry      : ['IT']
13:55:21 [INFO ] language            : ['ita']
13:55:21 [INFO ] date                : ['1998']
13:55:21 [INFO ] artistsort          : ['883']
13:55:21 [INFO ] title               : ['La dura legge del gol']
13:55:21 [INFO ] musicbrainz_artistid: ['618170ad-4957-4b7b-a3b0-489917be18d3']
13:55:21 [INFO ] tracknumber         : ['6/10']
13:55:21 [INFO ] musicbrainz_albumstatus: ['official']
13:55:21 [INFO ] replacing album with titolo
13:55:21 [INFO ] run in DRY-RUN mode...
13:55:21 [INFO ] 
13:55:21 [INFO ] analyzing song: e:\tmp\MP3\01\883\Nessun rimpianto.mp3
13:55:21 [INFO ] originaldate        : ['1998']
13:55:21 [INFO ] musicbrainz_albumid : ['a2683e2a-3335-4c93-9d78-5af33202a81e']
13:55:21 [INFO ] musicbrainz_trackid : ['9c591078-cd68-4afd-89f8-2d41ca8c63eb']
13:55:21 [INFO ] musicbrainz_albumartistid: ['618170ad-4957-4b7b-a3b0-489917be18d3']
13:55:21 [INFO ] artist              : ['883']
13:55:21 [INFO ] discnumber          : ['1/1']
13:55:21 [INFO ] musicbrainz_albumtype: ['album']
13:55:21 [INFO ] albumartist         : ['883']
13:55:21 [INFO ] album               : ['La dura legge del GOL!']
13:55:21 [INFO ] releasecountry      : ['IT']
13:55:21 [INFO ] language            : ['ita']
13:55:21 [INFO ] date                : ['1998']
13:55:21 [INFO ] artistsort          : ['883']
13:55:21 [INFO ] title               : ['Nessun rimpianto']
13:55:21 [INFO ] musicbrainz_artistid: ['618170ad-4957-4b7b-a3b0-489917be18d3']
13:55:21 [INFO ] tracknumber         : ['3/10']
13:55:21 [INFO ] musicbrainz_albumstatus: ['official']
13:55:21 [INFO ] replacing album with titolo
13:55:21 [INFO ] run in DRY-RUN mode...
13:55:21 [INFO ] 
13:55:21 [INFO ] analyzing song: e:\tmp\MP3\01\883\Nord sud ovest.mp3
13:55:21 [INFO ] artist              : ['883']
13:55:21 [INFO ] album               : ['The Best of']
13:55:21 [INFO ] date                : ['']
13:55:21 [INFO ] title               : ['Nord sud ovest']
13:55:21 [INFO ] genre               : [' ']
13:55:21 [INFO ] replacing album with titolo
13:55:21 [INFO ] run in DRY-RUN mode...
13:55:21 [INFO ] 
13:55:21 [INFO ] analyzing song: e:\tmp\MP3\01\Abba\Angeleyes.mp3
13:55:21 [INFO ] artist              : ['Abba']
13:55:21 [INFO ] album               : ['The Definitive Collection Cd2']
13:55:21 [INFO ] encodedby           : ['http://come.to/rhoby']
13:55:21 [INFO ] title               : ['Angeleyes']
13:55:21 [INFO ] tracknumber         : ['202']
13:55:21 [INFO ] replacing album with titolo
13:55:21 [INFO ] run in DRY-RUN mode...
13:55:21 [INFO ] 
13:55:21 [INFO ] analyzing song: e:\tmp\MP3\01\Abba\Dancing Queen.mp3
13:55:21 [INFO ] artist              : ['Abba']
13:55:21 [INFO ] album               : ['The Definitive Collection Cd1']
13:55:21 [INFO ] encodedby           : ['http://come.to/rhoby']
13:55:21 [INFO ] title               : ['Dancing Queen']
13:55:21 [INFO ] tracknumber         : ['112']
13:55:21 [INFO ] replacing album with titolo
13:55:21 [INFO ] run in DRY-RUN mode...
13:55:21 [INFO ] 
13:55:21 [INFO ] analyzing song: e:\tmp\MP3\01\Abba\Eagle.mp3
13:55:21 [INFO ] artist              : ['Abba']
13:55:21 [INFO ] album               : ['The Definitive Collection Cd1']
13:55:21 [INFO ] encodedby           : ['http://come.to/rhoby']
13:55:21 [INFO ] title               : ['Eagle']
13:55:21 [INFO ] tracknumber         : ['117']
13:55:21 [INFO ] replacing album with titolo
13:55:21 [INFO ] run in DRY-RUN mode...
13:55:21 [INFO ] 
13:55:21 [INFO ] analyzing song: e:\tmp\MP3\01\Abba\Gimme! Gimme! Gimme!.mp3
13:55:21 [INFO ] artist              : ['Abba']
13:55:21 [INFO ] album               : ['The Definitive Collection Cd2']
13:55:21 [INFO ] encodedby           : ['http://come.to/rhoby']
13:55:21 [INFO ] title               : ['Gimme! Gimme! Gimme!']
13:55:21 [INFO ] tracknumber         : ['203']
13:55:21 [INFO ] replacing album with titolo
13:55:21 [INFO ] run in DRY-RUN mode...
13:55:21 [INFO ] 
13:55:21 [INFO ] analyzing song: e:\tmp\MP3\01\Abba\Honey, Honey.mp3
13:55:21 [INFO ] artist              : ['Abba']
13:55:21 [INFO ] album               : ['The Definitive Collection Cd1']
13:55:21 [INFO ] encodedby           : ['http://come.to/rhoby']
13:55:21 [INFO ] title               : ['Honey, Honey']
13:55:21 [INFO ] tracknumber         : ['106']
13:55:21 [INFO ] replacing album with titolo
13:55:21 [INFO ] run in DRY-RUN mode...
13:55:21 [INFO ] 
13:55:21 [INFO ] analyzing song: e:\tmp\MP3\01\Abba\I Have A Dream.mp3
13:55:21 [INFO ] artist              : ['Abba']
13:55:21 [INFO ] album               : ['The Definitive Collection Cd2']
13:55:21 [INFO ] encodedby           : ['http://come.to/rhoby']
13:55:21 [INFO ] title               : ['I Have A Dream']
13:55:21 [INFO ] tracknumber         : ['204']
13:55:21 [INFO ] replacing album with titolo
13:55:21 [INFO ] run in DRY-RUN mode...
13:55:21 [INFO ] 
13:55:21 [INFO ] analyzing song: e:\tmp\MP3\01\Abba\Lay All Your Love On Me.mp3
13:55:21 [INFO ] artist              : ['Abba']
13:55:21 [INFO ] album               : ['The Definitive Collection Cd2']
13:55:21 [INFO ] encodedby           : ['http://come.to/rhoby']
13:55:21 [INFO ] title               : ['Lay All Your Love On Me']
13:55:21 [INFO ] tracknumber         : ['208']
13:55:21 [INFO ] replacing album with titolo
13:55:21 [INFO ] run in DRY-RUN mode...
13:55:21 [INFO ] 
13:55:21 [INFO ] analyzing song: e:\tmp\MP3\01\Abba\Mamma Mia.mp3
13:55:21 [INFO ] artist              : ['Abba']
13:55:21 [INFO ] album               : ['The Definitive Collection Cd1']
13:55:21 [INFO ] encodedby           : ['http://come.to/rhoby']
13:55:21 [INFO ] title               : ['Mamma Mia']
13:55:21 [INFO ] tracknumber         : ['110']
13:55:21 [INFO ] replacing album with titolo
13:55:21 [INFO ] run in DRY-RUN mode...
13:55:21 [INFO ] 
13:55:21 [INFO ] analyzing song: e:\tmp\MP3\01\Abba\One Of Us.mp3
13:55:21 [INFO ] artist              : ['Abba']
13:55:21 [INFO ] album               : ['The Definitive Collection Cd2']
13:55:21 [INFO ] encodedby           : ['http://come.to/rhoby']
13:55:21 [INFO ] title               : ['One Of Us']
13:55:21 [INFO ] tracknumber         : ['209']
13:55:21 [INFO ] replacing album with titolo
13:55:21 [INFO ] run in DRY-RUN mode...
13:55:21 [INFO ] 
13:55:21 [INFO ] analyzing song: e:\tmp\MP3\01\Abba\Sos.mp3
13:55:21 [INFO ] artist              : ['Abba']
13:55:21 [INFO ] album               : ['The Definitive Collection Cd1']
13:55:21 [INFO ] encodedby           : ['http://come.to/rhoby']
13:55:21 [INFO ] title               : ['Sos']
13:55:21 [INFO ] tracknumber         : ['109']
13:55:21 [INFO ] replacing album with titolo
13:55:21 [INFO ] run in DRY-RUN mode...
13:55:21 [INFO ] 
13:55:21 [INFO ] analyzing song: e:\tmp\MP3\01\Abba\Thank You For The Music.mp3
13:55:21 [INFO ] artist              : ['Abba']
13:55:21 [INFO ] album               : ['The Definitive Collection Cd2']
13:55:21 [INFO ] encodedby           : ['http://come.to/rhoby']
13:55:21 [INFO ] title               : ['Thank You For The Music']
13:55:21 [INFO ] tracknumber         : ['215']
13:55:21 [INFO ] replacing album with titolo
13:55:21 [INFO ] run in DRY-RUN mode...
13:55:21 [INFO ] 
13:55:21 [INFO ] analyzing song: e:\tmp\MP3\01\Abba\The Name Of The Game.mp3
13:55:21 [INFO ] artist              : ['Abba']
13:55:21 [INFO ] album               : ['The Definitive Collection Cd1']
13:55:21 [INFO ] encodedby           : ['http://come.to/rhoby']
13:55:21 [INFO ] title               : ['The Name Of The Game']
13:55:21 [INFO ] tracknumber         : ['115']
13:55:21 [INFO ] replacing album with titolo
13:55:21 [INFO ] run in DRY-RUN mode...
13:55:21 [INFO ] 
13:55:21 [INFO ] analyzing song: e:\tmp\MP3\01\Abba\When All Is Said And Done.mp3
13:55:21 [INFO ] artist              : ['Abba']
13:55:21 [INFO ] album               : ['The Definitive Collection Cd2']
13:55:21 [INFO ] encodedby           : ['http://come.to/rhoby']
13:55:21 [INFO ] title               : ['When All Is Said And Done']
13:55:21 [INFO ] tracknumber         : ['210']
13:55:21 [INFO ] replacing album with titolo
13:55:21 [INFO ] run in DRY-RUN mode...
13:55:21 [INFO ] 
13:55:21 [INFO ] analyzing song: e:\tmp\MP3\01\Al Stewart\Time Passages.mp3
13:55:21 [INFO ] ....Album not present
13:55:21 [INFO ] run in DRY-RUN mode...
13:55:21 [INFO ] 
13:55:21 [INFO ] analyzing song: e:\tmp\MP3\01\Alice\A cosa pensano.mp3
13:55:21 [INFO ] ....Album not present
13:55:21 [INFO ] run in DRY-RUN mode...
13:55:21 [INFO ] 
13:55:21 [INFO ] analyzing song: e:\tmp\MP3\01\Alice\Al Principe.mp3
13:55:21 [INFO ] originaldate        : ['2003']
13:55:21 [INFO ] musicbrainz_albumid : ['36ec605f-4a29-4442-8fe9-15c5d8e9bcb7']
13:55:21 [INFO ] musicbrainz_trackid : ['c120abb4-6e72-409a-8490-861dab4da2d8']
13:55:21 [INFO ] musicbrainz_albumartistid: ['e32f2cd6-8695-4914-9c24-72e02ebd09ee']
13:55:21 [INFO ] artist              : ['Alice']
13:55:21 [INFO ] discnumber          : ['1/1']
13:55:21 [INFO ] media               : ['CD']
13:55:21 [INFO ] musicbrainz_albumtype: ['album']
13:55:21 [INFO ] albumartist         : ['Alice']
13:55:21 [INFO ] barcode             : ['4029758504321']
13:55:21 [INFO ] catalognumber       : ['NUN0150432']
13:55:21 [INFO ] organization        : ['NuN Entertainment']
13:55:21 [INFO ] album               : ['Viaggio in Italia']
13:55:21 [INFO ] releasecountry      : ['IT']
13:55:21 [INFO ] language            : ['ita']
13:55:21 [INFO ] date                : ['2003']
13:55:21 [INFO ] artistsort          : ['Alice']
13:55:21 [INFO ] title               : ['Al principe']
13:55:21 [INFO ] musicbrainz_artistid: ['e32f2cd6-8695-4914-9c24-72e02ebd09ee']
13:55:21 [INFO ] tracknumber         : ['2/14']
13:55:21 [INFO ] musicbrainz_albumstatus: ['official']
13:55:21 [INFO ] replacing album with titolo
13:55:21 [INFO ] run in DRY-RUN mode...
13:55:21 [INFO ] 
13:55:21 [INFO ] analyzing song: e:\tmp\MP3\01\Alice\Alice con i Nomadi.mp3
13:55:21 [INFO ] ....Album not present
13:55:21 [INFO ] run in DRY-RUN mode...
13:55:21 [INFO ] 
13:55:21 [INFO ] analyzing song: e:\tmp\MP3\01\Alice\Auschwitz.mp3
13:55:21 [INFO ] originaldate        : ['2003']
13:55:21 [INFO ] musicbrainz_albumid : ['36ec605f-4a29-4442-8fe9-15c5d8e9bcb7']
13:55:21 [INFO ] musicbrainz_trackid : ['d5db9ad7-b930-4703-9613-eceaeea0e91a']
13:55:21 [INFO ] musicbrainz_albumartistid: ['e32f2cd6-8695-4914-9c24-72e02ebd09ee']
13:55:21 [INFO ] artist              : ['Alice']
13:55:21 [INFO ] discnumber          : ['1/1']
13:55:21 [INFO ] media               : ['CD']
13:55:21 [INFO ] musicbrainz_albumtype: ['album']
13:55:21 [INFO ] albumartist         : ['Alice']
13:55:21 [INFO ] barcode             : ['4029758504321']
13:55:21 [INFO ] catalognumber       : ['NUN0150432']
13:55:21 [INFO ] organization        : ['NuN Entertainment']
13:55:21 [INFO ] album               : ['Viaggio in Italia']
13:55:21 [INFO ] releasecountry      : ['IT']
13:55:21 [INFO ] language            : ['ita']
13:55:21 [INFO ] date                : ['2003']
13:55:21 [INFO ] artistsort          : ['Alice']
13:55:21 [INFO ] title               : ['Auschwitz']
13:55:21 [INFO ] musicbrainz_artistid: ['e32f2cd6-8695-4914-9c24-72e02ebd09ee']
13:55:21 [INFO ] tracknumber         : ['11/14']
13:55:21 [INFO ] musicbrainz_albumstatus: ['official']
13:55:22 [INFO ] replacing album with titolo
13:55:22 [INFO ] run in DRY-RUN mode...
13:55:22 [INFO ] 
13:55:22 [INFO ] analyzing song: e:\tmp\MP3\01\Alice\Bazar.mp3
13:55:22 [INFO ] artist              : ['Alice']
13:55:22 [INFO ] albumartist         : ['Capo nord']
13:55:22 [INFO ] album               : ['Capo Nord']
13:55:22 [INFO ] title               : ['Bazar']
13:55:22 [INFO ] replacing album with titolo
13:55:22 [INFO ] run in DRY-RUN mode...
13:55:22 [INFO ] 
13:55:22 [INFO ] analyzing song: e:\tmp\MP3\01\Alice\Cieli del Nord.mp3
13:55:22 [INFO ] ....Album not present
13:55:22 [INFO ] run in DRY-RUN mode...
13:55:22 [INFO ] 
13:55:22 [INFO ] analyzing song: e:\tmp\MP3\01\Alice\Conoscersi.mp3
13:55:22 [INFO ] originaldate        : ['1986']
13:55:22 [INFO ] musicbrainz_albumid : ['4884aceb-9979-4d68-a87f-61fee286ec5e']
13:55:22 [INFO ] musicbrainz_trackid : ['314b2533-1843-4dcb-b71c-4899a0c69008']
13:55:22 [INFO ] musicbrainz_albumartistid: ['e32f2cd6-8695-4914-9c24-72e02ebd09ee']
13:55:22 [INFO ] artist              : ['Alice']
13:55:22 [INFO ] discnumber          : ['1/1']
13:55:22 [INFO ] media               : ['CD']
13:55:22 [INFO ] musicbrainz_albumtype: ['album']
13:55:22 [INFO ] albumartist         : ['Alice']
13:55:22 [INFO ] barcode             : ['5099974663927']
13:55:22 [INFO ] catalognumber       : ['CDP 7466392']
13:55:22 [INFO ] organization        : ['EMI Italiana']
13:55:22 [INFO ] album               : ['Park Hotel']
13:55:22 [INFO ] releasecountry      : ['IT']
13:55:22 [INFO ] language            : ['ita']
13:55:22 [INFO ] date                : ['1986']
13:55:22 [INFO ] artistsort          : ['Alice']
13:55:22 [INFO ] title               : ['Conoscersi']
13:55:22 [INFO ] asin                : ['B000006SDR']
13:55:22 [INFO ] musicbrainz_artistid: ['e32f2cd6-8695-4914-9c24-72e02ebd09ee']
13:55:22 [INFO ] tracknumber         : ['3/9']
13:55:22 [INFO ] musicbrainz_albumstatus: ['official']
13:55:22 [INFO ] replacing album with titolo
13:55:22 [INFO ] run in DRY-RUN mode...
13:55:22 [INFO ] 
13:55:22 [INFO ] analyzing song: e:\tmp\MP3\01\Alice\Cosa succederà alla ragazza.mp3
13:55:22 [INFO ] originaldate        : ['2003']
13:55:22 [INFO ] musicbrainz_albumid : ['36ec605f-4a29-4442-8fe9-15c5d8e9bcb7']
13:55:22 [INFO ] musicbrainz_trackid : ['30a4ed59-a763-486e-a7b6-417fa7d3dba9']
13:55:22 [INFO ] musicbrainz_albumartistid: ['e32f2cd6-8695-4914-9c24-72e02ebd09ee']
13:55:22 [INFO ] artist              : ['Alice']
13:55:22 [INFO ] discnumber          : ['1/1']
13:55:22 [INFO ] media               : ['CD']
13:55:22 [INFO ] musicbrainz_albumtype: ['album']
13:55:22 [INFO ] albumartist         : ['Alice']
13:55:22 [INFO ] barcode             : ['4029758504321']
13:55:22 [INFO ] catalognumber       : ['NUN0150432']
13:55:22 [INFO ] organization        : ['NuN Entertainment']
13:55:22 [INFO ] album               : ['Viaggio in Italia']
13:55:22 [INFO ] releasecountry      : ['IT']
13:55:22 [INFO ] language            : ['ita']
13:55:22 [INFO ] date                : ['2003']
13:55:22 [INFO ] artistsort          : ['Alice']
13:55:22 [INFO ] title               : ['Cosa succederà alla ragazza']
13:55:22 [INFO ] musicbrainz_artistid: ['e32f2cd6-8695-4914-9c24-72e02ebd09ee']
13:55:22 [INFO ] tracknumber         : ['6/14']
13:55:22 [INFO ] musicbrainz_albumstatus: ['official']
13:55:22 [INFO ] replacing album with titolo
13:55:22 [INFO ] run in DRY-RUN mode...
13:55:22 [INFO ] 
13:55:22 [INFO ] analyzing song: e:\tmp\MP3\01\Alice\Ecco i negozi.mp3
13:55:22 [INFO ] originaldate        : ['2003']
13:55:22 [INFO ] musicbrainz_albumid : ['36ec605f-4a29-4442-8fe9-15c5d8e9bcb7']
13:55:22 [INFO ] musicbrainz_trackid : ['e14d0a42-70ce-4ae7-815a-5cbac402390f']
13:55:22 [INFO ] musicbrainz_albumartistid: ['e32f2cd6-8695-4914-9c24-72e02ebd09ee']
13:55:22 [INFO ] artist              : ['Alice']
13:55:22 [INFO ] discnumber          : ['1/1']
13:55:22 [INFO ] media               : ['CD']
13:55:22 [INFO ] musicbrainz_albumtype: ['album']
13:55:22 [INFO ] albumartist         : ['Alice']
13:55:22 [INFO ] barcode             : ['4029758504321']
13:55:22 [INFO ] catalognumber       : ['NUN0150432']
13:55:22 [INFO ] organization        : ['NuN Entertainment']
13:55:22 [INFO ] album               : ['Viaggio in Italia']
13:55:22 [INFO ] releasecountry      : ['IT']
13:55:22 [INFO ] language            : ['ita']
13:55:22 [INFO ] date                : ['2003']
13:55:22 [INFO ] artistsort          : ['Alice']
13:55:22 [INFO ] title               : ['Ecco i negozi (feat. Morgan)']
13:55:22 [INFO ] musicbrainz_artistid: ['e32f2cd6-8695-4914-9c24-72e02ebd09ee']
13:55:22 [INFO ] tracknumber         : ['10/14']
13:55:22 [INFO ] musicbrainz_albumstatus: ['official']
13:55:22 [INFO ] replacing album with titolo
13:55:22 [INFO ] run in DRY-RUN mode...
13:55:22 [INFO ] 
13:55:22 [INFO ] analyzing song: e:\tmp\MP3\01\Alice\Gli uccelli.mp3
13:55:22 [INFO ] originaldate        : ['1985']
13:55:22 [INFO ] musicbrainz_albumid : ['fec7dfb0-7d72-4bb0-895f-0abd90606792']
13:55:22 [INFO ] musicbrainz_trackid : ['81bf0774-952a-4ceb-a287-ea03dfacf9c4']
13:55:22 [INFO ] musicbrainz_albumartistid: ['e32f2cd6-8695-4914-9c24-72e02ebd09ee']
13:55:22 [INFO ] artist              : ['Alice']
13:55:22 [INFO ] discnumber          : ['1/1']
13:55:22 [INFO ] media               : ['CD']
13:55:22 [INFO ] musicbrainz_albumtype: ['album']
13:55:22 [INFO ] albumartist         : ['Alice']
13:55:22 [INFO ] barcode             : ['5099974679522']
13:55:22 [INFO ] catalognumber       : ['CDP 7467952']
13:55:22 [INFO ] organization        : ['EMI Records']
13:55:22 [INFO ] album               : ['Gioielli rubati']
13:55:22 [INFO ] releasecountry      : ['IT']
13:55:22 [INFO ] language            : ['ita']
13:55:22 [INFO ] date                : ['1985']
13:55:22 [INFO ] artistsort          : ['Alice']
13:55:22 [INFO ] title               : ['Gli uccelli']
13:55:22 [INFO ] musicbrainz_artistid: ['e32f2cd6-8695-4914-9c24-72e02ebd09ee']
13:55:22 [INFO ] tracknumber         : ['7/9']
13:55:22 [INFO ] musicbrainz_albumstatus: ['official']
13:55:22 [INFO ] replacing album with titolo
13:55:22 [INFO ] run in DRY-RUN mode...
13:55:22 [INFO ] 
13:55:22 [INFO ] analyzing song: e:\tmp\MP3\01\Alice\Golden Hair.mp3
13:55:22 [INFO ] originaldate        : ['2003']
13:55:22 [INFO ] musicbrainz_albumid : ['36ec605f-4a29-4442-8fe9-15c5d8e9bcb7']
13:55:22 [INFO ] musicbrainz_trackid : ['ced4a328-a0ac-48df-a2e7-82b1a1b205a6']
13:55:22 [INFO ] musicbrainz_albumartistid: ['e32f2cd6-8695-4914-9c24-72e02ebd09ee']
13:55:22 [INFO ] artist              : ['Alice']
13:55:22 [INFO ] discnumber          : ['1/1']
13:55:22 [INFO ] media               : ['CD']
13:55:22 [INFO ] musicbrainz_albumtype: ['album']
13:55:22 [INFO ] albumartist         : ['Alice']
13:55:22 [INFO ] barcode             : ['4029758504321']
13:55:22 [INFO ] catalognumber       : ['NUN0150432']
13:55:22 [INFO ] organization        : ['NuN Entertainment']
13:55:22 [INFO ] album               : ['Viaggio in Italia']
13:55:22 [INFO ] releasecountry      : ['IT']
13:55:22 [INFO ] language            : ['ita']
13:55:22 [INFO ] date                : ['2003']
13:55:22 [INFO ] artistsort          : ['Alice']
13:55:22 [INFO ] title               : ['Golden Hair']
13:55:22 [INFO ] musicbrainz_artistid: ['e32f2cd6-8695-4914-9c24-72e02ebd09ee']
13:55:22 [INFO ] tracknumber         : ['14/14']
13:55:22 [INFO ] musicbrainz_albumstatus: ['official']
13:55:22 [INFO ] replacing album with titolo
13:55:22 [INFO ] run in DRY-RUN mode...
13:55:22 [INFO ] 
13:55:22 [INFO ] analyzing song: e:\tmp\MP3\01\Alice\Il Vento Caldo DellEstate.mp3
13:55:22 [INFO ] artist              : ['Alice']
13:55:22 [INFO ] albumartist         : ['Capo nord']
13:55:22 [INFO ] album               : ['Capo Nord']
13:55:22 [INFO ] title               : ['Il Vento Caldo DellEstate']
13:55:22 [INFO ] replacing album with titolo
13:55:22 [INFO ] run in DRY-RUN mode...
13:55:22 [INFO ] 
13:55:22 [INFO ] analyzing song: e:\tmp\MP3\01\Alice\La bellezza stravagante.mp3
13:55:22 [INFO ] originaldate        : ['2003']
13:55:22 [INFO ] musicbrainz_albumid : ['36ec605f-4a29-4442-8fe9-15c5d8e9bcb7']
13:55:22 [INFO ] musicbrainz_trackid : ['9b39103a-9b34-42a2-920d-ce0dba9b4762']
13:55:22 [INFO ] musicbrainz_albumartistid: ['e32f2cd6-8695-4914-9c24-72e02ebd09ee']
13:55:22 [INFO ] artist              : ['Alice']
13:55:22 [INFO ] discnumber          : ['1/1']
13:55:22 [INFO ] media               : ['CD']
13:55:22 [INFO ] musicbrainz_albumtype: ['album']
13:55:22 [INFO ] albumartist         : ['Alice']
13:55:22 [INFO ] barcode             : ['4029758504321']
13:55:22 [INFO ] catalognumber       : ['NUN0150432']
13:55:22 [INFO ] organization        : ['NuN Entertainment']
13:55:22 [INFO ] album               : ['Viaggio in Italia']
13:55:22 [INFO ] releasecountry      : ['IT']
13:55:22 [INFO ] language            : ['ita']
13:55:22 [INFO ] date                : ['2003']
13:55:22 [INFO ] artistsort          : ['Alice']
13:55:22 [INFO ] title               : ['La bellezza stravagante']
13:55:22 [INFO ] musicbrainz_artistid: ['e32f2cd6-8695-4914-9c24-72e02ebd09ee']
13:55:22 [INFO ] tracknumber         : ['4/14']
13:55:22 [INFO ] musicbrainz_albumstatus: ['official']
13:55:22 [INFO ] replacing album with titolo
13:55:22 [INFO ] run in DRY-RUN mode...
13:55:22 [INFO ] 
13:55:22 [INFO ] analyzing song: e:\tmp\MP3\01\Alice\Le aquile.mp3
13:55:22 [INFO ] originaldate        : ['1985']
13:55:22 [INFO ] musicbrainz_albumid : ['fec7dfb0-7d72-4bb0-895f-0abd90606792']
13:55:22 [INFO ] musicbrainz_trackid : ['a4ffeaad-538b-4348-93a8-be465470af9f']
13:55:22 [INFO ] musicbrainz_albumartistid: ['e32f2cd6-8695-4914-9c24-72e02ebd09ee']
13:55:22 [INFO ] artist              : ['Alice']
13:55:22 [INFO ] discnumber          : ['1/1']
13:55:22 [INFO ] media               : ['CD']
13:55:22 [INFO ] musicbrainz_albumtype: ['album']
13:55:22 [INFO ] albumartist         : ['Alice']
13:55:22 [INFO ] barcode             : ['5099974679522']
13:55:22 [INFO ] catalognumber       : ['CDP 7467952']
13:55:22 [INFO ] organization        : ['EMI Records']
13:55:22 [INFO ] album               : ['Gioielli rubati']
13:55:22 [INFO ] releasecountry      : ['IT']
13:55:22 [INFO ] language            : ['ita']
13:55:22 [INFO ] date                : ['1985']
13:55:22 [INFO ] artistsort          : ['Alice']
13:55:22 [INFO ] title               : ['Le aquile']
13:55:22 [INFO ] musicbrainz_artistid: ['e32f2cd6-8695-4914-9c24-72e02ebd09ee']
13:55:22 [INFO ] tracknumber         : ['5/9']
13:55:22 [INFO ] musicbrainz_albumstatus: ['official']
13:55:22 [INFO ] replacing album with titolo
13:55:22 [INFO ] run in DRY-RUN mode...
13:55:22 [INFO ] 
13:55:22 [INFO ] analyzing song: e:\tmp\MP3\01\Alice\Luci lontane.mp3
13:55:22 [INFO ] originaldate        : ['1986']
13:55:22 [INFO ] musicbrainz_albumid : ['4884aceb-9979-4d68-a87f-61fee286ec5e']
13:55:22 [INFO ] musicbrainz_trackid : ['660a4db5-949b-4624-bebd-a281fd35cbbb']
13:55:22 [INFO ] musicbrainz_albumartistid: ['e32f2cd6-8695-4914-9c24-72e02ebd09ee']
13:55:22 [INFO ] artist              : ['Alice']
13:55:22 [INFO ] discnumber          : ['1/1']
13:55:22 [INFO ] media               : ['CD']
13:55:22 [INFO ] musicbrainz_albumtype: ['album']
13:55:22 [INFO ] albumartist         : ['Alice']
13:55:22 [INFO ] barcode             : ['5099974663927']
13:55:22 [INFO ] catalognumber       : ['CDP 7466392']
13:55:22 [INFO ] organization        : ['EMI Italiana']
13:55:22 [INFO ] album               : ['Park Hotel']
13:55:22 [INFO ] releasecountry      : ['IT']
13:55:22 [INFO ] language            : ['ita']
13:55:22 [INFO ] date                : ['1986']
13:55:22 [INFO ] artistsort          : ['Alice']
13:55:22 [INFO ] title               : ['Luci lontane']
13:55:22 [INFO ] asin                : ['B000006SDR']
13:55:22 [INFO ] musicbrainz_artistid: ['e32f2cd6-8695-4914-9c24-72e02ebd09ee']
13:55:22 [INFO ] tracknumber         : ['6/9']
13:55:22 [INFO ] musicbrainz_albumstatus: ['official']
13:55:22 [INFO ] replacing album with titolo
13:55:22 [INFO ] run in DRY-RUN mode...
13:55:22 [INFO ] 
13:55:22 [INFO ] analyzing song: e:\tmp\MP3\01\Alice\Mal d'Africa.mp3
13:55:22 [INFO ] originaldate        : ['1985']
13:55:22 [INFO ] musicbrainz_albumid : ['fec7dfb0-7d72-4bb0-895f-0abd90606792']
13:55:22 [INFO ] musicbrainz_trackid : ['d6399bc9-ca32-4b93-be4a-94b38718592c']
13:55:22 [INFO ] musicbrainz_albumartistid: ['e32f2cd6-8695-4914-9c24-72e02ebd09ee']
13:55:22 [INFO ] artist              : ['Alice']
13:55:22 [INFO ] discnumber          : ['1/1']
13:55:22 [INFO ] media               : ['CD']
13:55:22 [INFO ] musicbrainz_albumtype: ['album']
13:55:22 [INFO ] albumartist         : ['Alice']
13:55:22 [INFO ] barcode             : ['5099974679522']
13:55:22 [INFO ] catalognumber       : ['CDP 7467952']
13:55:22 [INFO ] organization        : ['EMI Records']
13:55:22 [INFO ] album               : ['Gioielli rubati']
13:55:22 [INFO ] releasecountry      : ['IT']
13:55:22 [INFO ] language            : ['ita']
13:55:22 [INFO ] date                : ['1985']
13:55:23 [INFO ] artistsort          : ['Alice']
13:55:23 [INFO ] title               : ["Mal d'Africa"]
13:55:23 [INFO ] musicbrainz_artistid: ['e32f2cd6-8695-4914-9c24-72e02ebd09ee']
13:55:23 [INFO ] tracknumber         : ['3/9']
13:55:23 [INFO ] musicbrainz_albumstatus: ['official']
13:55:23 [INFO ] replacing album with titolo
13:55:23 [INFO ] run in DRY-RUN mode...
13:55:23 [INFO ] 
13:55:23 [INFO ] analyzing song: e:\tmp\MP3\01\Alice\Messaggio.mp3
13:55:23 [INFO ] ....Album not present
13:55:23 [INFO ] run in DRY-RUN mode...
13:55:23 [INFO ] 
13:55:23 [INFO ] analyzing song: e:\tmp\MP3\01\Alice\Non insegnate ai bambini.mp3
13:55:23 [INFO ] originaldate        : ['2003']
13:55:23 [INFO ] musicbrainz_albumid : ['36ec605f-4a29-4442-8fe9-15c5d8e9bcb7']
13:55:23 [INFO ] musicbrainz_trackid : ['3ec0954d-1b54-44e7-97d3-830270fc158e']
13:55:23 [INFO ] musicbrainz_albumartistid: ['e32f2cd6-8695-4914-9c24-72e02ebd09ee']
13:55:23 [INFO ] artist              : ['Alice']
13:55:23 [INFO ] discnumber          : ['1/1']
13:55:23 [INFO ] media               : ['CD']
13:55:23 [INFO ] musicbrainz_albumtype: ['album']
13:55:23 [INFO ] albumartist         : ['Alice']
13:55:23 [INFO ] barcode             : ['4029758504321']
13:55:23 [INFO ] catalognumber       : ['NUN0150432']
13:55:23 [INFO ] organization        : ['NuN Entertainment']
13:55:23 [INFO ] album               : ['Viaggio in Italia']
13:55:23 [INFO ] releasecountry      : ['IT']
13:55:23 [INFO ] language            : ['ita']
13:55:23 [INFO ] date                : ['2003']
13:55:23 [INFO ] artistsort          : ['Alice']
13:55:23 [INFO ] title               : ['Non insegnate ai bambini']
13:55:23 [INFO ] musicbrainz_artistid: ['e32f2cd6-8695-4914-9c24-72e02ebd09ee']
13:55:23 [INFO ] tracknumber         : ['13/14']
13:55:23 [INFO ] musicbrainz_albumstatus: ['official']
13:55:23 [INFO ] replacing album with titolo
13:55:23 [INFO ] run in DRY-RUN mode...
13:55:23 [INFO ] 
13:55:23 [INFO ] analyzing song: e:\tmp\MP3\01\Alice\Nuvole rosse.mp3
13:55:23 [INFO ] musicbrainz_trackid : ['cb8ac8ba-8f78-4e27-99f8-d158ac9713cf']
13:55:23 [INFO ] artist              : ['Alice Lee']
13:55:23 [INFO ] album               : ['[non-album tracks]']
13:55:23 [INFO ] artistsort          : ['Lee, Alice']
13:55:23 [INFO ] title               : ['Letter to No One (demo version)']
13:55:23 [INFO ] musicbrainz_artistid: ['ee1d2c5c-52fd-43e9-a3e8-44f5590777f4']
13:55:23 [INFO ] replacing album with titolo
13:55:23 [INFO ] run in DRY-RUN mode...
13:55:23 [INFO ] 
13:55:23 [INFO ] analyzing song: e:\tmp\MP3\01\Alice\Rumba rock (Alice-G.Pio).mp3
13:55:23 [INFO ] artist              : ['Alice']
13:55:23 [INFO ] albumartist         : ['Capo nord']
13:55:23 [INFO ] album               : ['Capo Nord']
13:55:23 [INFO ] title               : ['Rumba rock (Alice-G.Pio)']
13:55:23 [INFO ] replacing album with titolo
13:55:23 [INFO ] run in DRY-RUN mode...
13:55:23 [INFO ] 
13:55:23 [INFO ] analyzing song: e:\tmp\MP3\01\Alice\Segnali di vita.mp3
13:55:23 [INFO ] originaldate        : ['1985']
13:55:23 [INFO ] musicbrainz_albumid : ['fec7dfb0-7d72-4bb0-895f-0abd90606792']
13:55:23 [INFO ] musicbrainz_trackid : ['6a6e5ba9-00c7-452e-95ab-8d6e29defa22']
13:55:23 [INFO ] musicbrainz_albumartistid: ['e32f2cd6-8695-4914-9c24-72e02ebd09ee']
13:55:23 [INFO ] artist              : ['Alice']
13:55:23 [INFO ] discnumber          : ['1/1']
13:55:23 [INFO ] media               : ['CD']
13:55:23 [INFO ] musicbrainz_albumtype: ['album']
13:55:23 [INFO ] albumartist         : ['Alice']
13:55:23 [INFO ] barcode             : ['5099974679522']
13:55:23 [INFO ] catalognumber       : ['CDP 7467952']
13:55:23 [INFO ] organization        : ['EMI Records']
13:55:23 [INFO ] album               : ['Gioielli rubati']
13:55:23 [INFO ] releasecountry      : ['IT']
13:55:23 [INFO ] language            : ['ita']
13:55:23 [INFO ] date                : ['1985']
13:55:23 [INFO ] artistsort          : ['Alice']
13:55:23 [INFO ] title               : ['Segnali di vita']
13:55:23 [INFO ] musicbrainz_artistid: ['e32f2cd6-8695-4914-9c24-72e02ebd09ee']
13:55:23 [INFO ] tracknumber         : ['4/9']
13:55:23 [INFO ] musicbrainz_albumstatus: ['official']
13:55:23 [INFO ] replacing album with titolo
13:55:23 [INFO ] run in DRY-RUN mode...
13:55:23 [INFO ] 
13:55:23 [INFO ] analyzing song: e:\tmp\MP3\01\Alice\Sera.mp3
13:55:23 [INFO ] artist              : ['Alice']
13:55:23 [INFO ] albumartist         : ['Capo nord']
13:55:23 [INFO ] album               : ['Capo Nord']
13:55:23 [INFO ] title               : ['Sera']
13:55:23 [INFO ] replacing album with titolo
13:55:23 [INFO ] run in DRY-RUN mode...
13:55:23 [INFO ] 
13:55:23 [INFO ] analyzing song: e:\tmp\MP3\01\Alice\Tutto è niente.mp3
13:55:23 [INFO ] ....Album not present
13:55:23 [INFO ] run in DRY-RUN mode...
13:55:23 [INFO ] 
13:55:23 [INFO ] analyzing song: e:\tmp\MP3\01\Alice\Un'altra vita.mp3
13:55:23 [INFO ] originaldate        : ['1985']
13:55:23 [INFO ] musicbrainz_albumid : ['fec7dfb0-7d72-4bb0-895f-0abd90606792']
13:55:23 [INFO ] musicbrainz_trackid : ['324da600-1acf-4532-97f0-d38c386d7ad9']
13:55:23 [INFO ] musicbrainz_albumartistid: ['e32f2cd6-8695-4914-9c24-72e02ebd09ee']
13:55:23 [INFO ] artist              : ['Alice']
13:55:23 [INFO ] discnumber          : ['1/1']
13:55:23 [INFO ] media               : ['CD']
13:55:23 [INFO ] musicbrainz_albumtype: ['album']
13:55:23 [INFO ] albumartist         : ['Alice']
13:55:23 [INFO ] barcode             : ['5099974679522']
13:55:23 [INFO ] catalognumber       : ['CDP 7467952']
13:55:23 [INFO ] organization        : ['EMI Records']
13:55:23 [INFO ] album               : ['Gioielli rubati']
13:55:23 [INFO ] releasecountry      : ['IT']
13:55:23 [INFO ] language            : ['ita']
13:55:23 [INFO ] date                : ['1985']
13:55:23 [INFO ] artistsort          : ['Alice']
13:55:23 [INFO ] title               : ["Un'altra vita"]
13:55:23 [INFO ] musicbrainz_artistid: ['e32f2cd6-8695-4914-9c24-72e02ebd09ee']
13:55:23 [INFO ] tracknumber         : ['8/9']
13:55:23 [INFO ] musicbrainz_albumstatus: ['official']
13:55:23 [INFO ] replacing album with titolo
13:55:23 [INFO ] run in DRY-RUN mode...
13:55:23 [INFO ] 
13:55:23 [INFO ] analyzing song: e:\tmp\MP3\01\Alice\Viali di solitudine.mp3
13:55:23 [INFO ] originaldate        : ['1986']
13:55:23 [INFO ] musicbrainz_albumid : ['4884aceb-9979-4d68-a87f-61fee286ec5e']
13:55:23 [INFO ] musicbrainz_trackid : ['5a44e7d0-2dcb-47d4-b31a-452eabad72ae']
13:55:23 [INFO ] musicbrainz_albumartistid: ['e32f2cd6-8695-4914-9c24-72e02ebd09ee']
13:55:23 [INFO ] artist              : ['Alice']
13:55:23 [INFO ] discnumber          : ['1/1']
13:55:23 [INFO ] media               : ['CD']
13:55:23 [INFO ] musicbrainz_albumtype: ['album']
13:55:23 [INFO ] albumartist         : ['Alice']
13:55:23 [INFO ] barcode             : ['5099974663927']
13:55:23 [INFO ] catalognumber       : ['CDP 7466392']
13:55:23 [INFO ] organization        : ['EMI Italiana']
13:55:23 [INFO ] album               : ['Park Hotel']
13:55:23 [INFO ] releasecountry      : ['IT']
13:55:23 [INFO ] language            : ['ita']
13:55:23 [INFO ] date                : ['1986']
13:55:23 [INFO ] artistsort          : ['Alice']
13:55:23 [INFO ] title               : ['Viali di solitudine']
13:55:23 [INFO ] asin                : ['B000006SDR']
13:55:23 [INFO ] musicbrainz_artistid: ['e32f2cd6-8695-4914-9c24-72e02ebd09ee']
13:55:23 [INFO ] tracknumber         : ['2/9']
13:55:23 [INFO ] musicbrainz_albumstatus: ['official']
13:55:23 [INFO ] replacing album with titolo
13:55:23 [INFO ] run in DRY-RUN mode...
13:55:23 [INFO ] 
13:55:23 [INFO ] analyzing song: e:\tmp\MP3\01\America\A horse with no name.mp3
13:55:23 [INFO ] artist              : ['America']
13:55:23 [INFO ] album               : ['Greatest hits']
13:55:23 [INFO ] title               : ['A horse with no name']
13:55:23 [INFO ] tracknumber         : ['00']
13:55:23 [INFO ] replacing album with titolo
13:55:23 [INFO ] run in DRY-RUN mode...
13:55:23 [INFO ] 
13:55:23 [INFO ] analyzing song: e:\tmp\MP3\01\America\Don't cross the river.mp3
13:55:23 [INFO ] artist              : ['America']
13:55:23 [INFO ] album               : ['Greatest hits']
13:55:23 [INFO ] title               : ["Don't cross the river"]
13:55:23 [INFO ] tracknumber         : ['00']
13:55:23 [INFO ] replacing album with titolo
13:55:23 [INFO ] run in DRY-RUN mode...
13:55:23 [INFO ] 
13:55:23 [INFO ] analyzing song: e:\tmp\MP3\01\America\Lonely people.mp3
13:55:23 [INFO ] artist              : ['America']
13:55:23 [INFO ] album               : ['Greatest hits']
13:55:23 [INFO ] title               : ['Lonely people']
13:55:23 [INFO ] tracknumber         : ['00']
13:55:23 [INFO ] replacing album with titolo
13:55:23 [INFO ] run in DRY-RUN mode...
13:55:23 [INFO ] 
13:55:23 [INFO ] analyzing song: e:\tmp\MP3\01\America\Only in your heart.mp3
13:55:23 [INFO ] artist              : ['America']
13:55:23 [INFO ] album               : ['Greatest hits']
13:55:23 [INFO ] title               : ['Only in your heart']
13:55:23 [INFO ] tracknumber         : ['00']
13:55:23 [INFO ] replacing album with titolo
13:55:23 [INFO ] run in DRY-RUN mode...
13:55:23 [INFO ] 
13:55:23 [INFO ] analyzing song: e:\tmp\MP3\01\America\Sister golden hair.mp3
13:55:23 [INFO ] artist              : ['America']
13:55:23 [INFO ] album               : ['Greatest hits']
13:55:23 [INFO ] title               : ['Sister golden hair']
13:55:23 [INFO ] tracknumber         : ['00']
13:55:23 [INFO ] replacing album with titolo
13:55:23 [INFO ] run in DRY-RUN mode...
13:55:23 [INFO ] 
13:55:23 [INFO ] analyzing song: e:\tmp\MP3\01\America\Ventura highway.mp3
13:55:24 [INFO ] artist              : ['America']
13:55:24 [INFO ] album               : ['Greatest hits']
13:55:24 [INFO ] title               : ['Ventura highway']
13:55:24 [INFO ] tracknumber         : ['00']
13:55:24 [INFO ] replacing album with titolo
13:55:24 [INFO ] run in DRY-RUN mode...
13:55:24 [INFO ] 
13:55:24 [INFO ] analyzing song: e:\tmp\MP3\01\Antonacci Biagio\Almeno non tradirmi tu.mp3
13:55:24 [INFO ] originaldate        : ['1992']
13:55:24 [INFO ] musicbrainz_albumid : ['037700db-2b5f-4528-a52a-bb62fe08948f']
13:55:24 [INFO ] musicbrainz_trackid : ['cee452a6-183c-4657-ac79-b343a12a95fd']
13:55:24 [INFO ] musicbrainz_albumartistid: ['b7c5cc40-c061-44ed-8b2b-d0ff774603c8']
13:55:24 [INFO ] artist              : ['Biagio Antonacci']
13:55:24 [INFO ] discnumber          : ['1/1']
13:55:24 [INFO ] media               : ['CD']
13:55:24 [INFO ] musicbrainz_albumtype: ['album']
13:55:24 [INFO ] albumartist         : ['Biagio Antonacci']
13:55:24 [INFO ] barcode             : ['731451872327']
13:55:24 [INFO ] catalognumber       : ['518 723-2']
13:55:24 [INFO ] organization        : ['Mercury']
13:55:24 [INFO ] album               : ['Liberatemi']
13:55:24 [INFO ] releasecountry      : ['IT']
13:55:24 [INFO ] language            : ['ita']
13:55:24 [INFO ] date                : ['1993-11-27']
13:55:24 [INFO ] artistsort          : ['Antonacci, Biagio']
13:55:24 [INFO ] title               : ['Almeno non tradirmi tu']
13:55:24 [INFO ] asin                : ['B000006SHO']
13:55:24 [INFO ] musicbrainz_artistid: ['b7c5cc40-c061-44ed-8b2b-d0ff774603c8']
13:55:24 [INFO ] tracknumber         : ['10/10']
13:55:24 [INFO ] musicbrainz_albumstatus: ['official']
13:55:24 [INFO ] genre               : ['Pop']
13:55:24 [INFO ] replacing album with titolo
13:55:24 [INFO ] run in DRY-RUN mode...
13:55:24 [INFO ] 
13:55:24 [INFO ] analyzing song: e:\tmp\MP3\01\Antonacci Biagio\Come siamo tanti al mondo.mp3
13:55:24 [INFO ] originaldate        : ['1992']
13:55:24 [INFO ] musicbrainz_albumid : ['037700db-2b5f-4528-a52a-bb62fe08948f']
13:55:24 [INFO ] musicbrainz_trackid : ['82978312-200e-41b9-a626-226402d7bcdd']
13:55:24 [INFO ] musicbrainz_albumartistid: ['b7c5cc40-c061-44ed-8b2b-d0ff774603c8']
13:55:24 [INFO ] artist              : ['Biagio Antonacci']
13:55:24 [INFO ] discnumber          : ['1/1']
13:55:24 [INFO ] media               : ['CD']
13:55:24 [INFO ] musicbrainz_albumtype: ['album']
13:55:24 [INFO ] albumartist         : ['Biagio Antonacci']
13:55:24 [INFO ] barcode             : ['731451872327']
13:55:24 [INFO ] catalognumber       : ['518 723-2']
13:55:24 [INFO ] organization        : ['Mercury']
13:55:24 [INFO ] album               : ['Liberatemi']
13:55:24 [INFO ] releasecountry      : ['IT']
13:55:24 [INFO ] language            : ['ita']
13:55:24 [INFO ] date                : ['1993-11-27']
13:55:24 [INFO ] artistsort          : ['Antonacci, Biagio']
13:55:24 [INFO ] title               : ['Come siamo tanti al mondo']
13:55:24 [INFO ] asin                : ['B000006SHO']
13:55:24 [INFO ] musicbrainz_artistid: ['b7c5cc40-c061-44ed-8b2b-d0ff774603c8']
13:55:24 [INFO ] tracknumber         : ['1/10']
13:55:24 [INFO ] musicbrainz_albumstatus: ['official']
13:55:24 [INFO ] genre               : ['Pop']
13:55:24 [INFO ] replacing album with titolo
13:55:24 [INFO ] run in DRY-RUN mode...
13:55:24 [INFO ] 
13:55:24 [INFO ] analyzing song: e:\tmp\MP3\01\Antonacci Biagio\Desiderio.mp3
13:55:24 [INFO ] ... skipping - already done!!
13:55:24 [INFO ] run in DRY-RUN mode...
13:55:24 [INFO ] 
13:55:24 [INFO ] analyzing song: e:\tmp\MP3\01\Antonacci Biagio\Dove il cielo è più sereno.mp3
13:55:24 [INFO ] originaldate        : ['1996']
13:55:24 [INFO ] musicbrainz_albumid : ['a923a257-7dd1-47bb-ab52-195f566afd13']
13:55:24 [INFO ] musicbrainz_trackid : ['becf0245-9cb2-46d8-ab25-9efc2f4832e0']
13:55:24 [INFO ] musicbrainz_albumartistid: ['b7c5cc40-c061-44ed-8b2b-d0ff774603c8']
13:55:24 [INFO ] artist              : ['Biagio Antonacci']
13:55:24 [INFO ] discnumber          : ['1/1']
13:55:24 [INFO ] media               : ['CD']
13:55:24 [INFO ] musicbrainz_albumtype: ['album']
13:55:24 [INFO ] albumartist         : ['Biagio Antonacci']
13:55:24 [INFO ] barcode             : ['731453400122']
13:55:24 [INFO ] catalognumber       : ['534 001-2']
13:55:24 [INFO ] organization        : ['Mercury']
13:55:24 [INFO ] album               : ['Il mucchio']
13:55:24 [INFO ] releasecountry      : ['IT']
13:55:24 [INFO ] language            : ['ita']
13:55:24 [INFO ] date                : ['1996']
13:55:24 [INFO ] artistsort          : ['Antonacci, Biagio']
13:55:24 [INFO ] title               : ['Dove il cielo è più sereno']
13:55:24 [INFO ] asin                : ['B00000IPNF']
13:55:24 [INFO ] musicbrainz_artistid: ['b7c5cc40-c061-44ed-8b2b-d0ff774603c8']
13:55:24 [INFO ] tracknumber         : ['12/12']
13:55:24 [INFO ] musicbrainz_albumstatus: ['official']
13:55:24 [INFO ] genre               : ['Pop']
13:55:24 [INFO ] replacing album with titolo
13:55:24 [INFO ] run in DRY-RUN mode...
13:55:24 [INFO ] 
13:55:24 [INFO ] analyzing song: e:\tmp\MP3\01\Antonacci Biagio\Lasciami andare via.mp3
13:55:24 [INFO ] originaldate        : ['1996']
13:55:24 [INFO ] musicbrainz_albumid : ['a923a257-7dd1-47bb-ab52-195f566afd13']
13:55:24 [INFO ] musicbrainz_trackid : ['2eafc4d3-4e13-4189-9f62-cb09b33a22ff']
13:55:24 [INFO ] musicbrainz_albumartistid: ['b7c5cc40-c061-44ed-8b2b-d0ff774603c8']
13:55:24 [INFO ] artist              : ['Biagio Antonacci']
13:55:24 [INFO ] discnumber          : ['1/1']
13:55:24 [INFO ] media               : ['CD']
13:55:24 [INFO ] musicbrainz_albumtype: ['album']
13:55:24 [INFO ] albumartist         : ['Biagio Antonacci']
13:55:24 [INFO ] barcode             : ['731453400122']
13:55:24 [INFO ] catalognumber       : ['534 001-2']
13:55:24 [INFO ] organization        : ['Mercury']
13:55:24 [INFO ] album               : ['Il mucchio']
13:55:24 [INFO ] releasecountry      : ['IT']
13:55:24 [INFO ] language            : ['ita']
13:55:24 [INFO ] date                : ['1996']
13:55:24 [INFO ] artistsort          : ['Antonacci, Biagio']
13:55:24 [INFO ] title               : ['Lasciami andare via']
13:55:24 [INFO ] asin                : ['B00000IPNF']
13:55:24 [INFO ] musicbrainz_artistid: ['b7c5cc40-c061-44ed-8b2b-d0ff774603c8']
13:55:24 [INFO ] tracknumber         : ['5/12']
13:55:24 [INFO ] musicbrainz_albumstatus: ['official']
13:55:24 [INFO ] genre               : ['Pop']
13:55:24 [INFO ] replacing album with titolo
13:55:24 [INFO ] run in DRY-RUN mode...
13:55:24 [INFO ] 
13:55:24 [INFO ] analyzing song: e:\tmp\MP3\01\Antonacci Biagio\Lavorerò.mp3
13:55:24 [INFO ] ... skipping - already done!!
13:55:24 [INFO ] run in DRY-RUN mode...
13:55:24 [INFO ] 
13:55:24 [INFO ] analyzing song: e:\tmp\MP3\01\Antonacci Biagio\Le donne sole.mp3
13:55:24 [INFO ] originaldate        : ['1992']
13:55:24 [INFO ] musicbrainz_albumid : ['037700db-2b5f-4528-a52a-bb62fe08948f']
13:55:24 [INFO ] musicbrainz_trackid : ['6a5f6564-6613-42be-a49c-f3d53bd3b75a']
13:55:24 [INFO ] musicbrainz_albumartistid: ['b7c5cc40-c061-44ed-8b2b-d0ff774603c8']
13:55:24 [INFO ] artist              : ['Biagio Antonacci']
13:55:24 [INFO ] discnumber          : ['1/1']
13:55:24 [INFO ] media               : ['CD']
13:55:24 [INFO ] musicbrainz_albumtype: ['album']
13:55:24 [INFO ] albumartist         : ['Biagio Antonacci']
13:55:24 [INFO ] barcode             : ['731451872327']
13:55:24 [INFO ] catalognumber       : ['518 723-2']
13:55:24 [INFO ] organization        : ['Mercury']
13:55:24 [INFO ] album               : ['Liberatemi']
13:55:24 [INFO ] releasecountry      : ['IT']
13:55:24 [INFO ] language            : ['ita']
13:55:24 [INFO ] date                : ['1993-11-27']
13:55:24 [INFO ] artistsort          : ['Antonacci, Biagio']
13:55:24 [INFO ] title               : ['Le donne sole']
13:55:24 [INFO ] asin                : ['B000006SHO']
13:55:24 [INFO ] musicbrainz_artistid: ['b7c5cc40-c061-44ed-8b2b-d0ff774603c8']
13:55:24 [INFO ] tracknumber         : ['2/10']
13:55:24 [INFO ] musicbrainz_albumstatus: ['official']
13:55:24 [INFO ] genre               : ['Pop']
13:55:24 [INFO ] replacing album with titolo
13:55:24 [INFO ] run in DRY-RUN mode...
13:55:24 [INFO ] 
13:55:24 [INFO ] analyzing song: e:\tmp\MP3\01\Antonacci Biagio\Se io, se lei.mp3
13:55:24 [INFO ] ... skipping - already done!!
13:55:24 [INFO ] run in DRY-RUN mode...
13:55:24 [INFO ] 
13:55:24 [INFO ] analyzing song: e:\tmp\MP3\01\Antonacci Biagio\Se tornerai.mp3
13:55:24 [INFO ] originaldate        : ['2001']
13:55:24 [INFO ] musicbrainz_albumid : ['c305567d-0555-48f7-899c-f875a0dca413']
13:55:24 [INFO ] musicbrainz_trackid : ['03ebeb0f-de5a-432d-90c5-2ae0fc337499']
13:55:24 [INFO ] musicbrainz_albumartistid: ['b7c5cc40-c061-44ed-8b2b-d0ff774603c8']
13:55:24 [INFO ] artist              : ['Biagio Antonacci']
13:55:24 [INFO ] discnumber          : ['1/1']
13:55:24 [INFO ] media               : ['CD']
13:55:24 [INFO ] musicbrainz_albumtype: ['album']
13:55:24 [INFO ] albumartist         : ['Biagio Antonacci']
13:55:24 [INFO ] barcode             : ['0602498236031']
13:55:24 [INFO ] catalognumber       : ['9823603']
13:55:24 [INFO ] album               : ['9/nov/2001']
13:55:24 [INFO ] releasecountry      : ['IT']
13:55:24 [INFO ] language            : ['ita']
13:55:24 [INFO ] artistsort          : ['Antonacci, Biagio']
13:55:24 [INFO ] title               : ['Se tornerai']
13:55:24 [INFO ] asin                : ['B0006OSAFC']
13:55:24 [INFO ] musicbrainz_artistid: ['b7c5cc40-c061-44ed-8b2b-d0ff774603c8']
13:55:24 [INFO ] tracknumber         : ['9/11']
13:55:24 [INFO ] musicbrainz_albumstatus: ['official']
13:55:24 [INFO ] genre               : ['Pop']
13:55:24 [INFO ] replacing album with titolo
13:55:24 [INFO ] run in DRY-RUN mode...
13:55:24 [INFO ] 
13:55:24 [INFO ] analyzing song: e:\tmp\MP3\01\Arisa\Hallelujah.mp3
13:55:24 [INFO ] ....Album not present
13:55:24 [INFO ] run in DRY-RUN mode...
13:55:24 [INFO ] 
13:55:24 [INFO ] analyzing song: e:\tmp\MP3\01\Arisa\Malamorenò.mp3
13:55:24 [INFO ] originaldate        : ['2010']
13:55:24 [INFO ] musicbrainz_albumid : ['e7b44e5e-5f06-408c-bee0-465cf28a4177']
13:55:24 [INFO ] musicbrainz_trackid : ['48a5ccc2-37d9-4104-82df-6d2252626a23']
13:55:24 [INFO ] musicbrainz_albumartistid: ['89ad4ac3-39f7-470e-963a-56509c546377']
13:55:24 [INFO ] artist              : ['Arisa']
13:55:24 [INFO ] discnumber          : ['1/2']
13:55:24 [INFO ] media               : ['CD']
13:55:24 [INFO ] musicbrainz_albumtype: ['compilation']
13:55:24 [INFO ] albumartist         : ['Various Artists']
13:55:24 [INFO ] barcode             : ['0886976568627']
13:55:24 [INFO ] catalognumber       : ['88697656862']
13:55:24 [INFO ] organization        : ['Columbia Records']
13:55:24 [INFO ] album               : ['Super Sanremo 2010']
13:55:24 [INFO ] releasecountry      : ['IT']
13:55:24 [INFO ] language            : ['ita']
13:55:24 [INFO ] discsubtitle        : ['Artisti']
13:55:24 [INFO ] date                : ['2010-02-19']
13:55:24 [INFO ] artistsort          : ['Arisa']
13:55:24 [INFO ] title               : ['Malamorenò']
13:55:24 [INFO ] asin                : ['B0037JK6LE']
13:55:24 [INFO ] musicbrainz_artistid: ['a3399a7a-6b82-4a58-9117-7ebaa7e7ad89']
13:55:24 [INFO ] compilation         : ['1']
13:55:24 [INFO ] tracknumber         : ['3/15']
13:55:24 [INFO ] musicbrainz_albumstatus: ['official']
13:55:24 [INFO ] replacing album with titolo
13:55:24 [INFO ] run in DRY-RUN mode...
13:55:24 [INFO ] 
13:55:24 [INFO ] analyzing song: e:\tmp\MP3\01\Baglioni Claudio\2-1-X.mp3
13:55:24 [INFO ] originaldate        : ['1997']
13:55:24 [INFO ] musicbrainz_albumid : ['ff5bd0c2-7dee-48b3-b036-1e9330a57eb2']
13:55:24 [INFO ] musicbrainz_trackid : ['ce7a5d53-2378-4934-b051-b888b9e58daf']
13:55:24 [INFO ] musicbrainz_albumartistid: ['963ea9d9-743a-409d-a997-0559f8761e67']
13:55:24 [INFO ] artist              : ['Claudio Baglioni']
13:55:24 [INFO ] discnumber          : ['2/2']
13:55:24 [INFO ] media               : ['CD']
13:55:25 [INFO ] musicbrainz_albumtype: ['compilation']
13:55:25 [INFO ] albumartist         : ['Claudio Baglioni']
13:55:25 [INFO ] organization        : ['RCA Records']
13:55:25 [INFO ] album               : ["Gli anni '70"]
13:55:25 [INFO ] releasecountry      : ['IT']
13:55:25 [INFO ] language            : ['ita']
13:55:25 [INFO ] date                : ['1997']
13:55:25 [INFO ] artistsort          : ['Baglioni, Claudio']
13:55:25 [INFO ] title               : ['2 1 X']
13:55:25 [INFO ] musicbrainz_artistid: ['963ea9d9-743a-409d-a997-0559f8761e67']
13:55:25 [INFO ] tracknumber         : ['14/15']
13:55:25 [INFO ] musicbrainz_albumstatus: ['official']
13:55:25 [INFO ] genre               : ['Pop']
13:55:25 [INFO ] replacing album with titolo
13:55:25 [INFO ] run in DRY-RUN mode...
13:55:25 [INFO ] 
13:55:25 [INFO ] analyzing song: e:\tmp\MP3\01\Baglioni Claudio\Amore bello.mp3
13:55:25 [INFO ] originaldate        : ['1997']
13:55:25 [INFO ] musicbrainz_albumid : ['ff5bd0c2-7dee-48b3-b036-1e9330a57eb2']
13:55:25 [INFO ] musicbrainz_trackid : ['bb04a90a-884c-4d07-bc98-f2a90092818f']
13:55:25 [INFO ] musicbrainz_albumartistid: ['963ea9d9-743a-409d-a997-0559f8761e67']
13:55:25 [INFO ] artist              : ['Claudio Baglioni']
13:55:25 [INFO ] discnumber          : ['1/2']
13:55:25 [INFO ] media               : ['CD']
13:55:25 [INFO ] musicbrainz_albumtype: ['compilation']
13:55:25 [INFO ] albumartist         : ['Claudio Baglioni']
13:55:25 [INFO ] organization        : ['RCA Records']
13:55:25 [INFO ] album               : ["Gli anni '70"]
13:55:25 [INFO ] releasecountry      : ['IT']
13:55:25 [INFO ] language            : ['ita']
13:55:25 [INFO ] date                : ['1997']
13:55:25 [INFO ] artistsort          : ['Baglioni, Claudio']
13:55:25 [INFO ] title               : ['Amore bello']
13:55:25 [INFO ] musicbrainz_artistid: ['963ea9d9-743a-409d-a997-0559f8761e67']
13:55:25 [INFO ] tracknumber         : ['11/15']
13:55:25 [INFO ] musicbrainz_albumstatus: ['official']
13:55:25 [INFO ] genre               : ['Pop']
13:55:25 [INFO ] replacing album with titolo
13:55:25 [INFO ] run in DRY-RUN mode...
13:55:25 [INFO ] 
13:55:25 [INFO ] analyzing song: e:\tmp\MP3\01\Baglioni Claudio\E tu.mp3
13:55:25 [INFO ] originaldate        : ['1997']
13:55:25 [INFO ] musicbrainz_albumid : ['ff5bd0c2-7dee-48b3-b036-1e9330a57eb2']
13:55:25 [INFO ] musicbrainz_trackid : ['234ecb0b-795e-4fb3-a5db-c5af4554de65']
13:55:25 [INFO ] musicbrainz_albumartistid: ['963ea9d9-743a-409d-a997-0559f8761e67']
13:55:25 [INFO ] artist              : ['Claudio Baglioni']
13:55:25 [INFO ] discnumber          : ['2/2']
13:55:25 [INFO ] media               : ['CD']
13:55:25 [INFO ] musicbrainz_albumtype: ['compilation']
13:55:25 [INFO ] albumartist         : ['Claudio Baglioni']
13:55:25 [INFO ] organization        : ['RCA Records']
13:55:25 [INFO ] album               : ["Gli anni '70"]
13:55:25 [INFO ] releasecountry      : ['IT']
13:55:25 [INFO ] language            : ['ita']
13:55:25 [INFO ] date                : ['1997']
13:55:25 [INFO ] artistsort          : ['Baglioni, Claudio']
13:55:25 [INFO ] title               : ['E tu']
13:55:25 [INFO ] musicbrainz_artistid: ['963ea9d9-743a-409d-a997-0559f8761e67']
13:55:25 [INFO ] tracknumber         : ['4/15']
13:55:25 [INFO ] musicbrainz_albumstatus: ['official']
13:55:25 [INFO ] genre               : ['Pop']
13:55:25 [INFO ] replacing album with titolo
13:55:25 [INFO ] run in DRY-RUN mode...
13:55:25 [INFO ] 
13:55:25 [INFO ] analyzing song: e:\tmp\MP3\01\Baglioni Claudio\Io me ne andrei.mp3
13:55:25 [INFO ] originaldate        : ['1997']
13:55:25 [INFO ] musicbrainz_albumid : ['ff5bd0c2-7dee-48b3-b036-1e9330a57eb2']
13:55:25 [INFO ] musicbrainz_trackid : ['51e3656a-4192-49d6-9515-27750c1748d6']
13:55:25 [INFO ] musicbrainz_albumartistid: ['963ea9d9-743a-409d-a997-0559f8761e67']
13:55:25 [INFO ] artist              : ['Claudio Baglioni']
13:55:25 [INFO ] discnumber          : ['2/2']
13:55:25 [INFO ] media               : ['CD']
13:55:25 [INFO ] musicbrainz_albumtype: ['compilation']
13:55:25 [INFO ] albumartist         : ['Claudio Baglioni']
13:55:25 [INFO ] organization        : ['RCA Records']
13:55:25 [INFO ] album               : ["Gli anni '70"]
13:55:25 [INFO ] releasecountry      : ['IT']
13:55:25 [INFO ] language            : ['ita']
13:55:25 [INFO ] date                : ['1997']
13:55:25 [INFO ] artistsort          : ['Baglioni, Claudio']
13:55:25 [INFO ] title               : ['Io me ne andrei']
13:55:25 [INFO ] musicbrainz_artistid: ['963ea9d9-743a-409d-a997-0559f8761e67']
13:55:25 [INFO ] tracknumber         : ['2/15']
13:55:25 [INFO ] musicbrainz_albumstatus: ['official']
13:55:25 [INFO ] genre               : ['Pop']
13:55:25 [INFO ] replacing album with titolo
13:55:25 [INFO ] run in DRY-RUN mode...
13:55:25 [INFO ] 
13:55:25 [INFO ] analyzing song: e:\tmp\MP3\01\Baglioni Claudio\Mia libertà.mp3
13:55:25 [INFO ] originaldate        : ['1997']
13:55:25 [INFO ] musicbrainz_albumid : ['ff5bd0c2-7dee-48b3-b036-1e9330a57eb2']
13:55:25 [INFO ] musicbrainz_trackid : ['a4365e8d-ed8f-4bca-bc1f-bd449b124351']
13:55:25 [INFO ] musicbrainz_albumartistid: ['963ea9d9-743a-409d-a997-0559f8761e67']
13:55:25 [INFO ] artist              : ['Claudio Baglioni']
13:55:25 [INFO ] discnumber          : ['1/2']
13:55:25 [INFO ] media               : ['CD']
13:55:25 [INFO ] musicbrainz_albumtype: ['compilation']
13:55:25 [INFO ] albumartist         : ['Claudio Baglioni']
13:55:25 [INFO ] organization        : ['RCA Records']
13:55:25 [INFO ] album               : ["Gli anni '70"]
13:55:25 [INFO ] releasecountry      : ['IT']
13:55:25 [INFO ] language            : ['ita']
13:55:25 [INFO ] date                : ['1997']
13:55:25 [INFO ] artistsort          : ['Baglioni, Claudio']
13:55:25 [INFO ] title               : ['Mia libertà']
13:55:25 [INFO ] musicbrainz_artistid: ['963ea9d9-743a-409d-a997-0559f8761e67']
13:55:25 [INFO ] tracknumber         : ['10/15']
13:55:25 [INFO ] musicbrainz_albumstatus: ['official']
13:55:25 [INFO ] genre               : ['Pop']
13:55:25 [INFO ] replacing album with titolo
13:55:25 [INFO ] run in DRY-RUN mode...
13:55:25 [INFO ] 
13:55:25 [INFO ] analyzing song: e:\tmp\MP3\01\Baglioni Claudio\Porta Portese.mp3
13:55:25 [INFO ] originaldate        : ['1997']
13:55:25 [INFO ] musicbrainz_albumid : ['ff5bd0c2-7dee-48b3-b036-1e9330a57eb2']
13:55:25 [INFO ] musicbrainz_trackid : ['24d080b5-5158-4b8c-8ed6-9e11bb85c8bc']
13:55:25 [INFO ] musicbrainz_albumartistid: ['963ea9d9-743a-409d-a997-0559f8761e67']
13:55:25 [INFO ] artist              : ['Claudio Baglioni']
13:55:25 [INFO ] discnumber          : ['1/2']
13:55:25 [INFO ] media               : ['CD']
13:55:25 [INFO ] musicbrainz_albumtype: ['compilation']
13:55:25 [INFO ] albumartist         : ['Claudio Baglioni']
13:55:25 [INFO ] organization        : ['RCA Records']
13:55:25 [INFO ] album               : ["Gli anni '70"]
13:55:25 [INFO ] releasecountry      : ['IT']
13:55:25 [INFO ] language            : ['ita']
13:55:25 [INFO ] date                : ['1997']
13:55:25 [INFO ] artistsort          : ['Baglioni, Claudio']
13:55:25 [INFO ] title               : ['Porta Portese']
13:55:25 [INFO ] musicbrainz_artistid: ['963ea9d9-743a-409d-a997-0559f8761e67']
13:55:25 [INFO ] tracknumber         : ['12/15']
13:55:25 [INFO ] musicbrainz_albumstatus: ['official']
13:55:25 [INFO ] genre               : ['Pop']
13:55:25 [INFO ] replacing album with titolo
13:55:25 [INFO ] run in DRY-RUN mode...
13:55:25 [INFO ] 
13:55:25 [INFO ] analyzing song: e:\tmp\MP3\01\Baglioni Claudio\Questo piccolo grande amore.mp3
13:55:25 [INFO ] originaldate        : ['1997']
13:55:25 [INFO ] musicbrainz_albumid : ['ff5bd0c2-7dee-48b3-b036-1e9330a57eb2']
13:55:25 [INFO ] musicbrainz_trackid : ['7f7168cf-b3ee-43cc-b85f-971661a55cb3']
13:55:25 [INFO ] musicbrainz_albumartistid: ['963ea9d9-743a-409d-a997-0559f8761e67']
13:55:25 [INFO ] artist              : ['Claudio Baglioni']
13:55:25 [INFO ] discnumber          : ['1/2']
13:55:25 [INFO ] media               : ['CD']
13:55:25 [INFO ] musicbrainz_albumtype: ['compilation']
13:55:25 [INFO ] albumartist         : ['Claudio Baglioni']
13:55:25 [INFO ] organization        : ['RCA Records']
13:55:25 [INFO ] album               : ["Gli anni '70"]
13:55:25 [INFO ] releasecountry      : ['IT']
13:55:25 [INFO ] language            : ['ita']
13:55:25 [INFO ] date                : ['1997']
13:55:25 [INFO ] artistsort          : ['Baglioni, Claudio']
13:55:25 [INFO ] title               : ['Questo piccolo grande amore']
13:55:25 [INFO ] musicbrainz_artistid: ['963ea9d9-743a-409d-a997-0559f8761e67']
13:55:25 [INFO ] tracknumber         : ['8/15']
13:55:25 [INFO ] musicbrainz_albumstatus: ['official']
13:55:25 [INFO ] genre               : ['Pop']
13:55:25 [INFO ] replacing album with titolo
13:55:25 [INFO ] run in DRY-RUN mode...
13:55:25 [INFO ] 
13:55:25 [INFO ] analyzing song: e:\tmp\MP3\01\Baglioni Claudio\Signora Lia.mp3
13:55:25 [INFO ] originaldate        : ['1997']
13:55:25 [INFO ] musicbrainz_albumid : ['ff5bd0c2-7dee-48b3-b036-1e9330a57eb2']
13:55:25 [INFO ] musicbrainz_trackid : ['1e162971-deff-4fea-a4f1-8a808d21b7cd']
13:55:25 [INFO ] musicbrainz_albumartistid: ['963ea9d9-743a-409d-a997-0559f8761e67']
13:55:25 [INFO ] artist              : ['Claudio Baglioni']
13:55:25 [INFO ] discnumber          : ['1/2']
13:55:25 [INFO ] media               : ['CD']
13:55:25 [INFO ] musicbrainz_albumtype: ['compilation']
13:55:25 [INFO ] albumartist         : ['Claudio Baglioni']
13:55:25 [INFO ] organization        : ['RCA Records']
13:55:25 [INFO ] album               : ["Gli anni '70"]
13:55:25 [INFO ] releasecountry      : ['IT']
13:55:25 [INFO ] language            : ['ita']
13:55:25 [INFO ] date                : ['1997']
13:55:25 [INFO ] artistsort          : ['Baglioni, Claudio']
13:55:25 [INFO ] title               : ['Signora Lia']
13:55:25 [INFO ] musicbrainz_artistid: ['963ea9d9-743a-409d-a997-0559f8761e67']
13:55:25 [INFO ] tracknumber         : ['2/15']
13:55:25 [INFO ] musicbrainz_albumstatus: ['official']
13:55:25 [INFO ] genre               : ['Pop']
13:55:25 [INFO ] replacing album with titolo
13:55:25 [INFO ] run in DRY-RUN mode...
13:55:25 [INFO ] 
13:55:25 [INFO ] analyzing song: e:\tmp\MP3\01\Baglioni Claudio\Strada facendo.mp3
13:55:25 [INFO ] originaldate        : ['2005']
13:55:25 [INFO ] musicbrainz_albumid : ['70bad05f-0759-4001-8171-79c3bbde524f']
13:55:25 [INFO ] musicbrainz_trackid : ['ed185728-b25c-44dc-b1e8-08d03c3af375']
13:55:25 [INFO ] musicbrainz_albumartistid: ['963ea9d9-743a-409d-a997-0559f8761e67']
13:55:25 [INFO ] artist              : ['Claudio Baglioni']
13:55:25 [INFO ] discnumber          : ['2/3']
13:55:25 [INFO ] media               : ['CD']
13:55:25 [INFO ] musicbrainz_albumtype: ['compilation']
13:55:25 [INFO ] albumartist         : ['Claudio Baglioni']
13:55:25 [INFO ] album               : ['Tutti qui']
13:55:25 [INFO ] releasecountry      : ['IT']
13:55:25 [INFO ] language            : ['ita']
13:55:25 [INFO ] date                : ['2005']
13:55:25 [INFO ] artistsort          : ['Baglioni, Claudio']
13:55:25 [INFO ] title               : ['Strada facendo']
13:55:25 [INFO ] asin                : ['B000BSLYVA']
13:55:25 [INFO ] musicbrainz_artistid: ['963ea9d9-743a-409d-a997-0559f8761e67']
13:55:25 [INFO ] tracknumber         : ['4/14']
13:55:25 [INFO ] musicbrainz_albumstatus: ['official']
13:55:25 [INFO ] replacing album with titolo
13:55:25 [INFO ] run in DRY-RUN mode...
13:55:25 [INFO ] 
13:55:25 [INFO ] analyzing song: e:\tmp\MP3\01\Baglioni Claudio\W l'Inghilterra.mp3
13:55:25 [INFO ] originaldate        : ['1997']
13:55:25 [INFO ] musicbrainz_albumid : ['ff5bd0c2-7dee-48b3-b036-1e9330a57eb2']
13:55:25 [INFO ] musicbrainz_trackid : ['42478c5d-5c1d-4447-9c4d-ee124a10d16f']
13:55:25 [INFO ] musicbrainz_albumartistid: ['963ea9d9-743a-409d-a997-0559f8761e67']
13:55:25 [INFO ] artist              : ['Claudio Baglioni']
13:55:25 [INFO ] discnumber          : ['2/2']
13:55:25 [INFO ] media               : ['CD']
13:55:25 [INFO ] musicbrainz_albumtype: ['compilation']
13:55:25 [INFO ] albumartist         : ['Claudio Baglioni']
13:55:25 [INFO ] organization        : ['RCA Records']
13:55:25 [INFO ] album               : ["Gli anni '70"]
13:55:25 [INFO ] releasecountry      : ['IT']
13:55:25 [INFO ] language            : ['ita']
13:55:25 [INFO ] date                : ['1997']
13:55:25 [INFO ] artistsort          : ['Baglioni, Claudio']
13:55:25 [INFO ] title               : ["W l'Inghilterra"]
13:55:25 [INFO ] musicbrainz_artistid: ['963ea9d9-743a-409d-a997-0559f8761e67']
13:55:25 [INFO ] tracknumber         : ['3/15']
13:55:25 [INFO ] musicbrainz_albumstatus: ['official']
13:55:25 [INFO ] genre               : ['Pop']
13:55:25 [INFO ] replacing album with titolo
13:55:25 [INFO ] run in DRY-RUN mode...
13:55:25 [INFO ] 
13:55:25 [INFO ] analyzing song: e:\tmp\MP3\01\Balsamo Umberto\Balla.mp3
13:55:25 [INFO ] artist              : ['Umberto Balsamo']
13:55:25 [INFO ] album               : ['The best of']
13:55:25 [INFO ] title               : ['Balla']
13:55:25 [INFO ] replacing album with titolo
13:55:25 [INFO ] run in DRY-RUN mode...
13:55:25 [INFO ] 
13:55:25 [INFO ] analyzing song: e:\tmp\MP3\01\Barbarossa Luca\Al di là del muro.mp3
13:55:25 [INFO ] artist              : ['Luca Barbarossa']
13:55:25 [INFO ] album               : ['Collection']
13:55:25 [INFO ] date                : ['2001']
13:55:25 [INFO ] title               : ["Al di la' del muro"]
13:55:25 [INFO ] tracknumber         : ['02']
13:55:25 [INFO ] genre               : ['Unknown']
13:55:25 [INFO ] replacing album with titolo
13:55:25 [INFO ] run in DRY-RUN mode...
13:55:25 [INFO ] 
13:55:25 [INFO ] analyzing song: e:\tmp\MP3\01\Barbarossa Luca\Come dentro un film.mp3
13:55:25 [INFO ] artist              : ['Luca Barbarossa']
13:55:25 [INFO ] album               : ['Collection']
13:55:25 [INFO ] date                : ['2001']
13:55:25 [INFO ] title               : ['Come dentro un film']
13:55:25 [INFO ] tracknumber         : ['09']
13:55:25 [INFO ] genre               : ['Unknown']
13:55:25 [INFO ] replacing album with titolo
13:55:25 [INFO ] run in DRY-RUN mode...
13:55:25 [INFO ] 
13:55:25 [INFO ] analyzing song: e:\tmp\MP3\01\Barbarossa Luca\Fine di un amore.mp3
13:55:25 [INFO ] originaldate        : ['1989']
13:55:25 [INFO ] musicbrainz_albumid : ['7eb0bdad-b498-4893-8a83-1b973a50e034']
13:55:25 [INFO ] musicbrainz_trackid : ['a9ec1475-5694-4de8-903c-64a5ef01b70e']
13:55:25 [INFO ] musicbrainz_albumartistid: ['c7cfe737-a67a-46a9-85f1-03770d9cfc6d']
13:55:25 [INFO ] artist              : ['Luca Barbarossa']
13:55:25 [INFO ] discnumber          : ['1/1']
13:55:25 [INFO ] media               : ['CD']
13:55:25 [INFO ] musicbrainz_albumtype: ['album']
13:55:25 [INFO ] albumartist         : ['Luca Barbarossa']
13:55:25 [INFO ] barcode             : ['5099746599126']
13:55:25 [INFO ] catalognumber       : ['465991 2']
13:55:25 [INFO ] organization        : ['CBS Dischi']
13:55:25 [INFO ] album               : ['Al di là del muro']
13:55:25 [INFO ] releasecountry      : ['IT']
13:55:25 [INFO ] language            : ['ita']
13:55:25 [INFO ] date                : ['1989']
13:55:25 [INFO ] artistsort          : ['Barbarossa, Luca']
13:55:25 [INFO ] title               : ['Fine di un amore']
13:55:25 [INFO ] asin                : ['B000025MHN']
13:55:25 [INFO ] musicbrainz_artistid: ['c7cfe737-a67a-46a9-85f1-03770d9cfc6d']
13:55:25 [INFO ] tracknumber         : ['5/9']
13:55:25 [INFO ] musicbrainz_albumstatus: ['official']
13:55:25 [INFO ] genre               : ['Unknown']
13:55:25 [INFO ] replacing album with titolo
13:55:25 [INFO ] run in DRY-RUN mode...
13:55:25 [INFO ] 
13:55:25 [INFO ] analyzing song: e:\tmp\MP3\01\Barbarossa Luca\Il fiume.mp3
13:55:26 [INFO ] originaldate        : ['1999']
13:55:26 [INFO ] musicbrainz_albumid : ['81149047-eb24-427a-a208-b3aacc796f18']
13:55:26 [INFO ] musicbrainz_trackid : ['8d5ffc23-2205-4758-b5ef-a6ab2d71cbc6']
13:55:26 [INFO ] musicbrainz_albumartistid: ['c7cfe737-a67a-46a9-85f1-03770d9cfc6d']
13:55:26 [INFO ] artist              : ['Luca Barbarossa']
13:55:26 [INFO ] discnumber          : ['1/1']
13:55:26 [INFO ] media               : ['CD']
13:55:26 [INFO ] musicbrainz_albumtype: ['album']
13:55:26 [INFO ] albumartist         : ['Luca Barbarossa']
13:55:26 [INFO ] album               : ['Musica e parole']
13:55:26 [INFO ] releasecountry      : ['IT']
13:55:26 [INFO ] language            : ['ita']
13:55:26 [INFO ] date                : ['1999']
13:55:26 [INFO ] artistsort          : ['Barbarossa, Luca']
13:55:26 [INFO ] title               : ['Il fiume']
13:55:26 [INFO ] asin                : ['B00003J6IJ']
13:55:26 [INFO ] musicbrainz_artistid: ['c7cfe737-a67a-46a9-85f1-03770d9cfc6d']
13:55:26 [INFO ] tracknumber         : ['6/11']
13:55:26 [INFO ] musicbrainz_albumstatus: ['official']
13:55:26 [INFO ] genre               : ['Unknown']
13:55:26 [INFO ] replacing album with titolo
13:55:26 [INFO ] run in DRY-RUN mode...
13:55:26 [INFO ] 
13:55:26 [INFO ] analyzing song: e:\tmp\MP3\01\Barbarossa Luca\Italiani d'America.mp3
13:55:26 [INFO ] originaldate        : ['1999']
13:55:26 [INFO ] musicbrainz_albumid : ['81149047-eb24-427a-a208-b3aacc796f18']
13:55:26 [INFO ] musicbrainz_trackid : ['5452d085-c8be-4d36-aea6-51dcbe6b2a5a']
13:55:26 [INFO ] musicbrainz_albumartistid: ['c7cfe737-a67a-46a9-85f1-03770d9cfc6d']
13:55:26 [INFO ] artist              : ['Luca Barbarossa']
13:55:26 [INFO ] discnumber          : ['1/1']
13:55:26 [INFO ] media               : ['CD']
13:55:26 [INFO ] musicbrainz_albumtype: ['album']
13:55:26 [INFO ] albumartist         : ['Luca Barbarossa']
13:55:26 [INFO ] album               : ['Musica e parole']
13:55:26 [INFO ] releasecountry      : ['IT']
13:55:26 [INFO ] language            : ['ita']
13:55:26 [INFO ] date                : ['1999']
13:55:26 [INFO ] artistsort          : ['Barbarossa, Luca']
13:55:26 [INFO ] title               : ["Italiani d'America"]
13:55:26 [INFO ] asin                : ['B00003J6IJ']
13:55:26 [INFO ] musicbrainz_artistid: ['c7cfe737-a67a-46a9-85f1-03770d9cfc6d']
13:55:26 [INFO ] tracknumber         : ['9/11']
13:55:26 [INFO ] musicbrainz_albumstatus: ['official']
13:55:26 [INFO ] genre               : ['Unknown']
13:55:26 [INFO ] replacing album with titolo
13:55:26 [INFO ] run in DRY-RUN mode...
13:55:26 [INFO ] 
13:55:26 [INFO ] analyzing song: e:\tmp\MP3\01\Barbarossa Luca\Le cose da salvare.mp3
13:55:26 [INFO ] originaldate        : ['1994']
13:55:26 [INFO ] musicbrainz_albumid : ['9a6aa2bc-1427-4f79-8201-17e8cf6d92ad']
13:55:26 [INFO ] musicbrainz_trackid : ['d4a56830-1f4d-4ed0-9d9e-1fd539917f91']
13:55:26 [INFO ] musicbrainz_albumartistid: ['c7cfe737-a67a-46a9-85f1-03770d9cfc6d']
13:55:26 [INFO ] artist              : ['Luca Barbarossa']
13:55:26 [INFO ] discnumber          : ['1/1']
13:55:26 [INFO ] media               : ['CD']
13:55:26 [INFO ] musicbrainz_albumtype: ['album']
13:55:26 [INFO ] albumartist         : ['Luca Barbarossa']
13:55:26 [INFO ] barcode             : ['5099747695926']
13:55:26 [INFO ] catalognumber       : ['COL 476959 2']
13:55:26 [INFO ] organization        : ['Columbia Records']
13:55:26 [INFO ] album               : ['Le cose da salvare']
13:55:26 [INFO ] releasecountry      : ['IT']
13:55:26 [INFO ] language            : ['ita']
13:55:26 [INFO ] date                : ['1994']
13:55:26 [INFO ] artistsort          : ['Barbarossa, Luca']
13:55:26 [INFO ] title               : ['Le cose da salvare']
13:55:26 [INFO ] musicbrainz_artistid: ['c7cfe737-a67a-46a9-85f1-03770d9cfc6d']
13:55:26 [INFO ] tracknumber         : ['5/12']
13:55:26 [INFO ] musicbrainz_albumstatus: ['official']
13:55:26 [INFO ] genre               : ['Unknown']
13:55:26 [INFO ] replacing album with titolo
13:55:26 [INFO ] run in DRY-RUN mode...
13:55:26 [INFO ] 
13:55:26 [INFO ] analyzing song: e:\tmp\MP3\01\Barbarossa Luca\Non tutti gli uomini.mp3
13:55:26 [INFO ] artist              : ['Luca Barbarossa']
13:55:26 [INFO ] album               : ['Collection']
13:55:26 [INFO ] date                : ['2001']
13:55:26 [INFO ] title               : ['Non tutti gli uomini']
13:55:26 [INFO ] tracknumber         : ['13']
13:55:26 [INFO ] replacing album with titolo
13:55:26 [INFO ] run in DRY-RUN mode...
13:55:26 [INFO ] 
13:55:26 [INFO ] analyzing song: e:\tmp\MP3\01\Barbarossa Luca\Portami a ballare.mp3
13:55:26 [INFO ] originaldate        : ['1992']
13:55:26 [INFO ] musicbrainz_albumid : ['666fcafc-df04-4184-bffb-e257cd4ade3d']
13:55:26 [INFO ] musicbrainz_trackid : ['40be57ab-6555-4ef8-bd97-793ef35ee5f0']
13:55:26 [INFO ] musicbrainz_albumartistid: ['c7cfe737-a67a-46a9-85f1-03770d9cfc6d']
13:55:26 [INFO ] artist              : ['Luca Barbarossa']
13:55:26 [INFO ] discnumber          : ['1/1']
13:55:26 [INFO ] media               : ['CD']
13:55:26 [INFO ] musicbrainz_albumtype: ['album']
13:55:26 [INFO ] albumartist         : ['Luca Barbarossa']
13:55:26 [INFO ] barcode             : ['5099747137822']
13:55:26 [INFO ] catalognumber       : ['COL 471278 2']
13:55:26 [INFO ] organization        : ['Columbia Records']
13:55:26 [INFO ] album               : ["Cuore d'acciaio"]
13:55:26 [INFO ] releasecountry      : ['IT']
13:55:26 [INFO ] language            : ['ita']
13:55:26 [INFO ] date                : ['1992']
13:55:26 [INFO ] artistsort          : ['Barbarossa, Luca']
13:55:26 [INFO ] title               : ['Portami a ballare']
13:55:26 [INFO ] musicbrainz_artistid: ['c7cfe737-a67a-46a9-85f1-03770d9cfc6d']
13:55:26 [INFO ] tracknumber         : ['2/10']
13:55:26 [INFO ] musicbrainz_albumstatus: ['official']
13:55:26 [INFO ] genre               : ['Unknown']
13:55:26 [INFO ] replacing album with titolo
13:55:26 [INFO ] run in DRY-RUN mode...
13:55:26 [INFO ] 
13:55:26 [INFO ] analyzing song: e:\tmp\MP3\01\Barbarossa Luca\Via Margutta.mp3
13:55:26 [INFO ] originaldate        : ['2005']
13:55:26 [INFO ] musicbrainz_albumid : ['3c5225da-5cc1-48f1-853e-809c6a3b39c9']
13:55:26 [INFO ] musicbrainz_trackid : ['77993bce-4348-49e5-958f-ef6d58605b7a']
13:55:26 [INFO ] musicbrainz_albumartistid: ['89ad4ac3-39f7-470e-963a-56509c546377']
13:55:26 [INFO ] artist              : ['Luca Barbarossa']
13:55:26 [INFO ] discnumber          : ['6/7']
13:55:26 [INFO ] media               : ['CD']
13:55:26 [INFO ] musicbrainz_albumtype: ['compilation']
13:55:26 [INFO ] albumartist         : ['Various Artists']
13:55:26 [INFO ] organization        : ['Universo']
13:55:26 [INFO ] album               : ['Le più belle canzoni italiane di sempre']
13:55:26 [INFO ] releasecountry      : ['IT']
13:55:26 [INFO ] language            : ['ita']
13:55:26 [INFO ] date                : ['2005']
13:55:26 [INFO ] artistsort          : ['Barbarossa, Luca']
13:55:26 [INFO ] title               : ['Via Margutta']
13:55:26 [INFO ] musicbrainz_artistid: ['c7cfe737-a67a-46a9-85f1-03770d9cfc6d']
13:55:26 [INFO ] compilation         : ['1']
13:55:26 [INFO ] tracknumber         : ['13/14']
13:55:26 [INFO ] musicbrainz_albumstatus: ['official']
13:55:26 [INFO ] genre               : ['Unknown']
13:55:26 [INFO ] replacing album with titolo
13:55:26 [INFO ] run in DRY-RUN mode...
13:55:26 [INFO ] 
13:55:26 [INFO ] analyzing song: e:\tmp\MP3\01\Barbarossa Luca\Yuppies.mp3
13:55:26 [INFO ] originaldate        : ['2009']
13:55:26 [INFO ] musicbrainz_albumid : ['6942ca5d-df35-4a8f-8f06-6327e9c2389c']
13:55:26 [INFO ] musicbrainz_trackid : ['a9bcf3dd-8ab9-4e66-a24a-cca93ddafcb8']
13:55:26 [INFO ] musicbrainz_albumartistid: ['89ad4ac3-39f7-470e-963a-56509c546377']
13:55:26 [INFO ] artist              : ['Luca Barbarossa']
13:55:26 [INFO ] discnumber          : ['2/2']
13:55:26 [INFO ] media               : ['CD']
13:55:26 [INFO ] musicbrainz_albumtype: ['compilation']
13:55:26 [INFO ] albumartist         : ['Various Artists']
13:55:26 [INFO ] barcode             : ['0602527075143']
13:55:26 [INFO ] organization        : ['Universal Music Italia']
13:55:26 [INFO ] album               : ["One Shot '80, Volume 20: Pop Italia"]
13:55:26 [INFO ] releasecountry      : ['IT']
13:55:26 [INFO ] language            : ['ita']
13:55:26 [INFO ] date                : ['2009']
13:55:26 [INFO ] artistsort          : ['Barbarossa, Luca']
13:55:26 [INFO ] title               : ['Yuppies']
13:55:26 [INFO ] asin                : ['B0041KV6LM']
